#
# A fatal error has been detected by the Java Runtime Environment:
#
#  SIGBUS (0x7) at pc=0x00007ffac8328c50, pid=801, tid=0x00007ffaa8609700
#
# JRE version: Java(TM) SE Runtime Environment (8.0_202-b08) (build 1.8.0_202-b08)
# Java VM: Java HotSpot(TM) 64-Bit Server VM (25.202-b08 mixed mode linux-amd64 compressed oops)
# Problematic frame:
# V  [libjvm.so+0xad7c50]  VMThread::execute(VM_Operation*)+0x0
#
# Failed to write core dump. Core dumps have been disabled. To enable core dumping, try "ulimit -c unlimited" before starting Java again
#
# If you would like to submit a bug report, please visit:
#   http://bugreport.java.com/bugreport/crash.jsp
#

---------------  T H R E A D  ---------------

Current thread (0x00007ffa74002800):  JavaThread "DiscoveryClient-HeartbeatExecutor-0" daemon [_thread_in_vm, id=1073, stack(0x00007ffaa8509000,0x00007ffaa860a000)]

siginfo: si_signo: 7 (SIGBUS), si_code: 2 (BUS_ADRERR), si_addr: 0x00007ffac8328c50

Registers:
RAX=0x00007ffaa86078d8, RBX=0x00007ffa74002800, RCX=0x0000000000000003, RDX=0x0000000100048d00
RSP=0x00007ffaa86078b8, RBP=0x00007ffaa8607960, RSI=0x00007ffac880e3e9, RDI=0x00007ffaa86078e0
R8 =0x00000000ed4df808, R9 =0x0000000100048d00, R10=0x00007ffaa86078a0, R11=0x00007ffaa86078a0
R12=0x00007ffa78003005, R13=0x0000000100048d00, R14=0x00007ffac87d2920, R15=0x0000000000000001
RIP=0x00007ffac8328c50, EFLAGS=0x0000000000010287, CSGSFS=0x002b000000000033, ERR=0x0000000000000014
  TRAPNO=0x000000000000000e

Top of Stack: (sp=0x00007ffaa86078b8)
0x00007ffaa86078b8:   00007ffac7b4d0a2 000000000000522f
0x00007ffaa86078c8:   00007ffab10082bd 00000000f8789150
0x00007ffaa86078d8:   00000000010e8398 00007ffac87ac008
0x00007ffaa86078e8:   0000000000000000 00007ffa71b86120
0x00007ffaa86078f8:   0000000000000000 0000000000000000
0x00007ffaa8607908:   0000000000000000 00007ffaa86078d8
0x00007ffaa8607918:   0000000000000000 00007ffa74002800
0x00007ffaa8607928:   00007ffa00000001 00000000a4e6ca20
0x00007ffaa8607938:   00000000010e8398 00007ffa74002800
0x00007ffaa8607948:   00007ffaa86079f0 00007ffac8818f8c
0x00007ffaa8607958:   00007ffa74002800 00007ffaa8607990
0x00007ffaa8607968:   00007ffac828cddf 00000000f8a7a2f8
0x00007ffaa8607978:   00007ffa74002800 00007ffaa86079f0
0x00007ffaa8607988:   00007ffac4f14c80 00007ffaa86079d0
0x00007ffaa8607998:   00007ffac7ecb6ab 00007ffaa8607b80
0x00007ffaa86079a8:   00000000010e8398 00007ffac4f14cc0
0x00007ffaa86079b8:   0000000000000000 00007ffac4f14c80
0x00007ffaa86079c8:   00007ffaa8607a58 00007ffaa8607a40
0x00007ffaa86079d8:   00007ffab1013edb 0000000000000009
0x00007ffaa86079e8:   00007ffab1013ea7 00007ffa71139540
0x00007ffaa86079f8:   00000000ed4df808 00007ffaa86079f0
0x00007ffaa8607a08:   00007ffac4f14c80 00007ffaa8607a58
0x00007ffaa8607a18:   00007ffac4f15da0 0000000000000000
0x00007ffaa8607a28:   00007ffac4f14cc0 0000000000000000
0x00007ffaa8607a38:   00007ffaa8607a58 00007ffaa8607aa0
0x00007ffaa8607a48:   00007ffab1007d00 0000000000000000
0x00007ffaa8607a58:   00000000ed4df808 00007ffaa8607a60
0x00007ffaa8607a68:   00007ffa7113d7e5 00007ffaa8607ad0
0x00007ffaa8607a78:   00007ffa71140cc0 0000000000000000
0x00007ffaa8607a88:   00007ffa7113d870 00007ffaa8607a58
0x00007ffaa8607a98:   00007ffaa8607ac8 00007ffaa8607b18
0x00007ffaa8607aa8:   00007ffab1007ad5 0000000000000000 

Instructions: (pc=0x00007ffac8328c50)
0x00007ffac8328c30:   ff 48 89 df 5b 41 5c 5d e9 83 8a e4 ff 0f 1f 00
0x00007ffac8328c40:   ff d0 48 89 c2 eb ce 90 0f 1f 84 00 00 00 00 00
0x00007ffac8328c50:   55 48 89 e5 41 57 41 56 41 55 41 54 53 48 89 fb
0x00007ffac8328c60:   48 81 ec 68 01 00 00 64 48 8b 04 25 28 00 00 00 

Register to memory mapping:

RAX=0x00007ffaa86078d8 is pointing into the stack for thread: 0x00007ffa74002800
RBX=0x00007ffa74002800 is a thread
RCX=0x0000000000000003 is an unknown value
RDX=0x0000000100048d00 is pointing into metadata
RSP=0x00007ffaa86078b8 is pointing into the stack for thread: 0x00007ffa74002800
RBP=0x00007ffaa8607960 is pointing into the stack for thread: 0x00007ffa74002800
RSI=0x00007ffac880e3e9: <offset 0xfbd3e9> in /opt/jdk1.8/jdk1.8.0_202/jre/lib/amd64/server/libjvm.so at 0x00007ffac7851000
RDI=0x00007ffaa86078e0 is pointing into the stack for thread: 0x00007ffa74002800
R8 =0x00000000ed4df808 is an oop
java.net.Socket 
 - klass: 'java/net/Socket'
R9 =0x0000000100048d00 is pointing into metadata
R10=0x00007ffaa86078a0 is pointing into the stack for thread: 0x00007ffa74002800
R11=0x00007ffaa86078a0 is pointing into the stack for thread: 0x00007ffa74002800
R12=0x00007ffa78003005 is an unknown value
R13=0x0000000100048d00 is pointing into metadata
R14=0x00007ffac87d2920: <offset 0xf81920> in /opt/jdk1.8/jdk1.8.0_202/jre/lib/amd64/server/libjvm.so at 0x00007ffac7851000
R15=0x0000000000000001 is an unknown value


Stack: [0x00007ffaa8509000,0x00007ffaa860a000],  sp=0x00007ffaa86078b8,  free space=1018k
Native frames: (J=compiled Java code, j=interpreted, Vv=VM code, C=native code)
V  [libjvm.so+0xad7c50]  VMThread::execute(VM_Operation*)+0x0
V  [libjvm.so+0xa3bddf]  ObjectSynchronizer::fast_enter(Handle, BasicLock*, bool, Thread*)+0x3f
V  [libjvm.so+0x67a6ab]  InterpreterRuntime::monitorenter(JavaThread*, BasicObjectLock*)+0x6b
j  java.net.Socket.getSoTimeout()I+0
j  org.apache.http.impl.io.SocketInputBuffer.isDataAvailable(I)Z+13
j  org.apache.http.impl.AbstractHttpClientConnection.isStale()Z+23
j  org.apache.http.impl.conn.AbstractClientConnAdapter.isStale()Z+21
j  org.apache.http.impl.client.DefaultRequestDirector.execute(Lorg/apache/http/HttpHost;Lorg/apache/http/HttpRequest;Lorg/apache/http/protocol/HttpContext;)Lorg/apache/http/HttpResponse;+329
j  org.apache.http.impl.client.AbstractHttpClient.doExecute(Lorg/apache/http/HttpHost;Lorg/apache/http/HttpRequest;Lorg/apache/http/protocol/HttpContext;)Lorg/apache/http/client/methods/CloseableHttpResponse;+362
j  org.apache.http.impl.client.CloseableHttpClient.execute(Lorg/apache/http/HttpHost;Lorg/apache/http/HttpRequest;)Lorg/apache/http/client/methods/CloseableHttpResponse;+4
j  org.apache.http.impl.client.CloseableHttpClient.execute(Lorg/apache/http/HttpHost;Lorg/apache/http/HttpRequest;)Lorg/apache/http/HttpResponse;+3
j  com.sun.jersey.client.apache4.ApacheHttpClient4Handler.handle(Lcom/sun/jersey/api/client/ClientRequest;)Lcom/sun/jersey/api/client/ClientResponse;+103
j  com.sun.jersey.api.client.filter.GZIPContentEncodingFilter.handle(Lcom/sun/jersey/api/client/ClientRequest;)Lcom/sun/jersey/api/client/ClientResponse;+117
j  com.netflix.discovery.EurekaIdentityHeaderFilter.handle(Lcom/sun/jersey/api/client/ClientRequest;)Lcom/sun/jersey/api/client/ClientResponse;+76
j  com.sun.jersey.api.client.Client.handle(Lcom/sun/jersey/api/client/ClientRequest;)Lcom/sun/jersey/api/client/ClientResponse;+46
j  com.sun.jersey.api.client.WebResource.handle(Ljava/lang/Class;Lcom/sun/jersey/api/client/ClientRequest;)Ljava/lang/Object;+10
j  com.sun.jersey.api.client.WebResource.access$200(Lcom/sun/jersey/api/client/WebResource;Ljava/lang/Class;Lcom/sun/jersey/api/client/ClientRequest;)Ljava/lang/Object;+3
j  com.sun.jersey.api.client.WebResource$Builder.put(Ljava/lang/Class;)Ljava/lang/Object;+11
j  com.netflix.discovery.shared.transport.jersey.AbstractJerseyEurekaHttpClient.sendHeartBeat(Ljava/lang/String;Ljava/lang/String;Lcom/netflix/appinfo/InstanceInfo;Lcom/netflix/appinfo/InstanceInfo$InstanceStatus;)Lcom/netflix/discovery/shared/transport/EurekaHttpResponse;+111
j  com.netflix.discovery.shared.transport.decorator.EurekaHttpClientDecorator$3.execute(Lcom/netflix/discovery/shared/transport/EurekaHttpClient;)Lcom/netflix/discovery/shared/transport/EurekaHttpResponse;+17
j  com.netflix.discovery.shared.transport.decorator.MetricsCollectingEurekaHttpClient.execute(Lcom/netflix/discovery/shared/transport/decorator/EurekaHttpClientDecorator$RequestExecutor;)Lcom/netflix/discovery/shared/transport/EurekaHttpResponse;+34
j  com.netflix.discovery.shared.transport.decorator.EurekaHttpClientDecorator.sendHeartBeat(Ljava/lang/String;Ljava/lang/String;Lcom/netflix/appinfo/InstanceInfo;Lcom/netflix/appinfo/InstanceInfo$InstanceStatus;)Lcom/netflix/discovery/shared/transport/EurekaHttpResponse;+14
j  com.netflix.discovery.shared.transport.decorator.EurekaHttpClientDecorator$3.execute(Lcom/netflix/discovery/shared/transport/EurekaHttpClient;)Lcom/netflix/discovery/shared/transport/EurekaHttpResponse;+17
j  com.netflix.discovery.shared.transport.decorator.RedirectingEurekaHttpClient.execute(Lcom/netflix/discovery/shared/transport/decorator/EurekaHttpClientDecorator$RequestExecutor;)Lcom/netflix/discovery/shared/transport/EurekaHttpResponse;+97
j  com.netflix.discovery.shared.transport.decorator.EurekaHttpClientDecorator.sendHeartBeat(Ljava/lang/String;Ljava/lang/String;Lcom/netflix/appinfo/InstanceInfo;Lcom/netflix/appinfo/InstanceInfo$InstanceStatus;)Lcom/netflix/discovery/shared/transport/EurekaHttpResponse;+14
j  com.netflix.discovery.shared.transport.decorator.EurekaHttpClientDecorator$3.execute(Lcom/netflix/discovery/shared/transport/EurekaHttpClient;)Lcom/netflix/discovery/shared/transport/EurekaHttpResponse;+17
j  com.netflix.discovery.shared.transport.decorator.RetryableEurekaHttpClient.execute(Lcom/netflix/discovery/shared/transport/decorator/EurekaHttpClientDecorator$RequestExecutor;)Lcom/netflix/discovery/shared/transport/EurekaHttpResponse;+115
j  com.netflix.discovery.shared.transport.decorator.EurekaHttpClientDecorator.sendHeartBeat(Ljava/lang/String;Ljava/lang/String;Lcom/netflix/appinfo/InstanceInfo;Lcom/netflix/appinfo/InstanceInfo$InstanceStatus;)Lcom/netflix/discovery/shared/transport/EurekaHttpResponse;+14
j  com.netflix.discovery.shared.transport.decorator.EurekaHttpClientDecorator$3.execute(Lcom/netflix/discovery/shared/transport/EurekaHttpClient;)Lcom/netflix/discovery/shared/transport/EurekaHttpResponse;+17
j  com.netflix.discovery.shared.transport.decorator.SessionedEurekaHttpClient.execute(Lcom/netflix/discovery/shared/transport/decorator/EurekaHttpClientDecorator$RequestExecutor;)Lcom/netflix/discovery/shared/transport/EurekaHttpResponse;+101
j  com.netflix.discovery.shared.transport.decorator.EurekaHttpClientDecorator.sendHeartBeat(Ljava/lang/String;Ljava/lang/String;Lcom/netflix/appinfo/InstanceInfo;Lcom/netflix/appinfo/InstanceInfo$InstanceStatus;)Lcom/netflix/discovery/shared/transport/EurekaHttpResponse;+14
j  com.netflix.discovery.DiscoveryClient.renew()Z+26
j  com.netflix.discovery.DiscoveryClient$HeartbeatThread.run()V+4
J 6223 C1 java.util.concurrent.Executors$RunnableAdapter.call()Ljava/lang/Object; (14 bytes) @ 0x00007ffab1b2ffcc [0x00007ffab1b2ff80+0x4c]
J 5160 C1 java.util.concurrent.FutureTask.run()V (126 bytes) @ 0x00007ffab19a3db4 [0x00007ffab19a3d00+0xb4]
j  java.util.concurrent.ThreadPoolExecutor.runWorker(Ljava/util/concurrent/ThreadPoolExecutor$Worker;)V+95
j  java.util.concurrent.ThreadPoolExecutor$Worker.run()V+5
j  java.lang.Thread.run()V+11
v  ~StubRoutines::call_stub
V  [libjvm.so+0x68839b]  JavaCalls::call_helper(JavaValue*, methodHandle*, JavaCallArguments*, Thread*)+0xddb
V  [libjvm.so+0x685c63]  JavaCalls::call_virtual(JavaValue*, KlassHandle, Symbol*, Symbol*, JavaCallArguments*, Thread*)+0x263
V  [libjvm.so+0x686227]  JavaCalls::call_virtual(JavaValue*, Handle, KlassHandle, Symbol*, Symbol*, Thread*)+0x47
V  [libjvm.so+0x6f239c]  thread_entry(JavaThread*, Thread*)+0x6c
V  [libjvm.so+0xa7b9eb]  JavaThread::thread_main_inner()+0xdb
V  [libjvm.so+0xa7bcf1]  JavaThread::run()+0x2d1
V  [libjvm.so+0x90d8c2]  java_start(Thread*)+0x102
C  [libpthread.so.0+0x75aa]  start_thread+0xda

Java frames: (J=compiled Java code, j=interpreted, Vv=VM code)
j  java.net.Socket.getSoTimeout()I+0
j  org.apache.http.impl.io.SocketInputBuffer.isDataAvailable(I)Z+13
j  org.apache.http.impl.AbstractHttpClientConnection.isStale()Z+23
j  org.apache.http.impl.conn.AbstractClientConnAdapter.isStale()Z+21
j  org.apache.http.impl.client.DefaultRequestDirector.execute(Lorg/apache/http/HttpHost;Lorg/apache/http/HttpRequest;Lorg/apache/http/protocol/HttpContext;)Lorg/apache/http/HttpResponse;+329
j  org.apache.http.impl.client.AbstractHttpClient.doExecute(Lorg/apache/http/HttpHost;Lorg/apache/http/HttpRequest;Lorg/apache/http/protocol/HttpContext;)Lorg/apache/http/client/methods/CloseableHttpResponse;+362
j  org.apache.http.impl.client.CloseableHttpClient.execute(Lorg/apache/http/HttpHost;Lorg/apache/http/HttpRequest;)Lorg/apache/http/client/methods/CloseableHttpResponse;+4
j  org.apache.http.impl.client.CloseableHttpClient.execute(Lorg/apache/http/HttpHost;Lorg/apache/http/HttpRequest;)Lorg/apache/http/HttpResponse;+3
j  com.sun.jersey.client.apache4.ApacheHttpClient4Handler.handle(Lcom/sun/jersey/api/client/ClientRequest;)Lcom/sun/jersey/api/client/ClientResponse;+103
j  com.sun.jersey.api.client.filter.GZIPContentEncodingFilter.handle(Lcom/sun/jersey/api/client/ClientRequest;)Lcom/sun/jersey/api/client/ClientResponse;+117
j  com.netflix.discovery.EurekaIdentityHeaderFilter.handle(Lcom/sun/jersey/api/client/ClientRequest;)Lcom/sun/jersey/api/client/ClientResponse;+76
j  com.sun.jersey.api.client.Client.handle(Lcom/sun/jersey/api/client/ClientRequest;)Lcom/sun/jersey/api/client/ClientResponse;+46
j  com.sun.jersey.api.client.WebResource.handle(Ljava/lang/Class;Lcom/sun/jersey/api/client/ClientRequest;)Ljava/lang/Object;+10
j  com.sun.jersey.api.client.WebResource.access$200(Lcom/sun/jersey/api/client/WebResource;Ljava/lang/Class;Lcom/sun/jersey/api/client/ClientRequest;)Ljava/lang/Object;+3
j  com.sun.jersey.api.client.WebResource$Builder.put(Ljava/lang/Class;)Ljava/lang/Object;+11
j  com.netflix.discovery.shared.transport.jersey.AbstractJerseyEurekaHttpClient.sendHeartBeat(Ljava/lang/String;Ljava/lang/String;Lcom/netflix/appinfo/InstanceInfo;Lcom/netflix/appinfo/InstanceInfo$InstanceStatus;)Lcom/netflix/discovery/shared/transport/EurekaHttpResponse;+111
j  com.netflix.discovery.shared.transport.decorator.EurekaHttpClientDecorator$3.execute(Lcom/netflix/discovery/shared/transport/EurekaHttpClient;)Lcom/netflix/discovery/shared/transport/EurekaHttpResponse;+17
j  com.netflix.discovery.shared.transport.decorator.MetricsCollectingEurekaHttpClient.execute(Lcom/netflix/discovery/shared/transport/decorator/EurekaHttpClientDecorator$RequestExecutor;)Lcom/netflix/discovery/shared/transport/EurekaHttpResponse;+34
j  com.netflix.discovery.shared.transport.decorator.EurekaHttpClientDecorator.sendHeartBeat(Ljava/lang/String;Ljava/lang/String;Lcom/netflix/appinfo/InstanceInfo;Lcom/netflix/appinfo/InstanceInfo$InstanceStatus;)Lcom/netflix/discovery/shared/transport/EurekaHttpResponse;+14
j  com.netflix.discovery.shared.transport.decorator.EurekaHttpClientDecorator$3.execute(Lcom/netflix/discovery/shared/transport/EurekaHttpClient;)Lcom/netflix/discovery/shared/transport/EurekaHttpResponse;+17
j  com.netflix.discovery.shared.transport.decorator.RedirectingEurekaHttpClient.execute(Lcom/netflix/discovery/shared/transport/decorator/EurekaHttpClientDecorator$RequestExecutor;)Lcom/netflix/discovery/shared/transport/EurekaHttpResponse;+97
j  com.netflix.discovery.shared.transport.decorator.EurekaHttpClientDecorator.sendHeartBeat(Ljava/lang/String;Ljava/lang/String;Lcom/netflix/appinfo/InstanceInfo;Lcom/netflix/appinfo/InstanceInfo$InstanceStatus;)Lcom/netflix/discovery/shared/transport/EurekaHttpResponse;+14
j  com.netflix.discovery.shared.transport.decorator.EurekaHttpClientDecorator$3.execute(Lcom/netflix/discovery/shared/transport/EurekaHttpClient;)Lcom/netflix/discovery/shared/transport/EurekaHttpResponse;+17
j  com.netflix.discovery.shared.transport.decorator.RetryableEurekaHttpClient.execute(Lcom/netflix/discovery/shared/transport/decorator/EurekaHttpClientDecorator$RequestExecutor;)Lcom/netflix/discovery/shared/transport/EurekaHttpResponse;+115
j  com.netflix.discovery.shared.transport.decorator.EurekaHttpClientDecorator.sendHeartBeat(Ljava/lang/String;Ljava/lang/String;Lcom/netflix/appinfo/InstanceInfo;Lcom/netflix/appinfo/InstanceInfo$InstanceStatus;)Lcom/netflix/discovery/shared/transport/EurekaHttpResponse;+14
j  com.netflix.discovery.shared.transport.decorator.EurekaHttpClientDecorator$3.execute(Lcom/netflix/discovery/shared/transport/EurekaHttpClient;)Lcom/netflix/discovery/shared/transport/EurekaHttpResponse;+17
j  com.netflix.discovery.shared.transport.decorator.SessionedEurekaHttpClient.execute(Lcom/netflix/discovery/shared/transport/decorator/EurekaHttpClientDecorator$RequestExecutor;)Lcom/netflix/discovery/shared/transport/EurekaHttpResponse;+101
j  com.netflix.discovery.shared.transport.decorator.EurekaHttpClientDecorator.sendHeartBeat(Ljava/lang/String;Ljava/lang/String;Lcom/netflix/appinfo/InstanceInfo;Lcom/netflix/appinfo/InstanceInfo$InstanceStatus;)Lcom/netflix/discovery/shared/transport/EurekaHttpResponse;+14
j  com.netflix.discovery.DiscoveryClient.renew()Z+26
j  com.netflix.discovery.DiscoveryClient$HeartbeatThread.run()V+4
J 6223 C1 java.util.concurrent.Executors$RunnableAdapter.call()Ljava/lang/Object; (14 bytes) @ 0x00007ffab1b2ffcc [0x00007ffab1b2ff80+0x4c]
J 5160 C1 java.util.concurrent.FutureTask.run()V (126 bytes) @ 0x00007ffab19a3db4 [0x00007ffab19a3d00+0xb4]
j  java.util.concurrent.ThreadPoolExecutor.runWorker(Ljava/util/concurrent/ThreadPoolExecutor$Worker;)V+95
j  java.util.concurrent.ThreadPoolExecutor$Worker.run()V+5
j  java.lang.Thread.run()V+11
v  ~StubRoutines::call_stub

---------------  P R O C E S S  ---------------

Java Threads: ( => current thread )
  0x00007ffa6c00c800 JavaThread "AsyncResolver-bootstrap-executor-0" daemon [_thread_blocked, id=2046, stack(0x00007ffaa8208000,0x00007ffaa8309000)]
  0x00007ffa88068000 JavaThread "lettuce-eventExecutorLoop-1-3" daemon [_thread_blocked, id=1243, stack(0x00007ffa69ef4000,0x00007ffa69ff5000)]
  0x00007ffa94018000 JavaThread "lettuce-eventExecutorLoop-1-2" daemon [_thread_blocked, id=1242, stack(0x00007ffa69ff5000,0x00007ffa6a0f6000)]
  0x00007ffaa4073800 JavaThread "WebSocket background processing" daemon [_thread_blocked, id=1241, stack(0x00007ffa6a0f6000,0x00007ffa6a1f7000)]
  0x00007ffaa0192000 JavaThread "lettuce-eventExecutorLoop-1-1" daemon [_thread_blocked, id=1203, stack(0x00007ffa6a1f7000,0x00007ffa6a2f8000)]
  0x00007ffaa0134800 JavaThread "lettuce-nioEventLoop-4-1" daemon [_thread_blocked, id=1200, stack(0x00007ffa6b6f9000,0x00007ffa6b7fa000)]
=>0x00007ffa74002800 JavaThread "DiscoveryClient-HeartbeatExecutor-0" daemon [_thread_in_vm, id=1073, stack(0x00007ffaa8509000,0x00007ffaa860a000)]
  0x00007ffa78003000 JavaThread "DiscoveryClient-CacheRefreshExecutor-0" daemon [_thread_blocked, id=1072, stack(0x00007ffa6b9fa000,0x00007ffa6bafb000)]
  0x00007ffac0015800 JavaThread "DestroyJavaVM" [_thread_blocked, id=802, stack(0x00007ffac9330000,0x00007ffac9430000)]
  0x00007ffa81b8e000 JavaThread "http-nio-9002-Acceptor-0" daemon [_thread_in_native, id=966, stack(0x00007ffa6bbfc000,0x00007ffa6bcfd000)]
  0x00007ffa81b8a800 JavaThread "http-nio-9002-ClientPoller-1" daemon [_thread_blocked, id=965, stack(0x00007ffa6bcfd000,0x00007ffa6bdfe000)]
  0x00007ffa81b6f800 JavaThread "http-nio-9002-ClientPoller-0" daemon [_thread_blocked, id=964, stack(0x00007ffa6bdfe000,0x00007ffa6beff000)]
  0x00007ffa81b54800 JavaThread "http-nio-9002-exec-10" daemon [_thread_blocked, id=963, stack(0x00007ffa6beff000,0x00007ffa6c000000)]
  0x00007ffa81b52800 JavaThread "http-nio-9002-exec-9" daemon [_thread_blocked, id=962, stack(0x00007ffa70097000,0x00007ffa70198000)]
  0x00007ffa81b50800 JavaThread "http-nio-9002-exec-8" daemon [_thread_blocked, id=961, stack(0x00007ffa70198000,0x00007ffa70299000)]
  0x00007ffa81b4e800 JavaThread "http-nio-9002-exec-7" daemon [_thread_blocked, id=960, stack(0x00007ffa70299000,0x00007ffa7039a000)]
  0x00007ffa81b4d000 JavaThread "http-nio-9002-exec-6" daemon [_thread_blocked, id=959, stack(0x00007ffa7039a000,0x00007ffa7049b000)]
  0x00007ffa81b4b000 JavaThread "http-nio-9002-exec-5" daemon [_thread_blocked, id=958, stack(0x00007ffa7049b000,0x00007ffa7059c000)]
  0x00007ffa81b49000 JavaThread "http-nio-9002-exec-4" daemon [_thread_blocked, id=957, stack(0x00007ffa7059c000,0x00007ffa7069d000)]
  0x00007ffa81b47800 JavaThread "http-nio-9002-exec-3" daemon [_thread_blocked, id=956, stack(0x00007ffa7069d000,0x00007ffa7079e000)]
  0x00007ffa81b45800 JavaThread "http-nio-9002-exec-2" daemon [_thread_blocked, id=955, stack(0x00007ffa7079e000,0x00007ffa7089f000)]
  0x00007ffa81b44800 JavaThread "http-nio-9002-exec-1" daemon [_thread_blocked, id=954, stack(0x00007ffa7089f000,0x00007ffa709a0000)]
  0x00007ffa81b42800 JavaThread "NioBlockingSelector.BlockPoller-1" daemon [_thread_in_native_trans, id=953, stack(0x00007ffa709a0000,0x00007ffa70aa1000)]
  0x00007ffa81ad0800 JavaThread "DiscoveryClient-InstanceInfoReplicator-0" daemon [_thread_blocked, id=950, stack(0x00007ffa70aa1000,0x00007ffa70ba2000)]
  0x00007ffa81ace000 JavaThread "DiscoveryClient-1" daemon [_thread_blocked, id=949, stack(0x00007ffa70ba2000,0x00007ffa70ca3000)]
  0x00007ffa81ac7800 JavaThread "DiscoveryClient-0" daemon [_thread_blocked, id=948, stack(0x00007ffa72cfd000,0x00007ffa72dfe000)]
  0x00007ffa81a8b000 JavaThread "AsyncResolver-bootstrap-0" daemon [_thread_blocked, id=947, stack(0x00007ffa70ea3000,0x00007ffa70fa4000)]
  0x00007ffa81a69800 JavaThread "Eureka-JerseyClient-Conn-Cleaner2" daemon [_thread_blocked, id=946, stack(0x00007ffa711a4000,0x00007ffa712a5000)]
  0x00007ffa815a5800 JavaThread "spring.cloud.inetutils" daemon [_thread_blocked, id=941, stack(0x00007ffa718fb000,0x00007ffa719fc000)]
  0x00007ffa81011000 JavaThread "File Watcher" daemon [_thread_blocked, id=940, stack(0x00007ffa729fc000,0x00007ffa72afd000)]
  0x00007ffa80feb800 JavaThread "HikariPool-1 housekeeper" daemon [_thread_blocked, id=917, stack(0x00007ffa72ffe000,0x00007ffa730ff000)]
  0x00007ffa80f60000 JavaThread "mysql-cj-abandoned-connection-cleanup" daemon [_thread_blocked, id=914, stack(0x00007ffa730ff000,0x00007ffa73200000)]
  0x00007ffa80ee8800 JavaThread "container-0" [_thread_blocked, id=913, stack(0x00007ffa8402d000,0x00007ffa8412e000)]
  0x00007ffaa4021000 JavaThread "Catalina-utility-2" [_thread_blocked, id=912, stack(0x00007ffaa8107000,0x00007ffaa8208000)]
  0x00007ffa80ee6800 JavaThread "Catalina-utility-1" [_thread_blocked, id=910, stack(0x00007ffaa8006000,0x00007ffaa8107000)]
  0x00000000010e3800 JavaThread "RMI Scheduler(0)" daemon [_thread_blocked, id=834, stack(0x00007ffaa860a000,0x00007ffaa870b000)]
  0x00007ffa90003000 JavaThread "Attach Listener" daemon [_thread_blocked, id=828, stack(0x00007ffaa8828000,0x00007ffaa8929000)]
  0x00007ffa90001000 JavaThread "Attach Listener" daemon [_thread_blocked, id=827, stack(0x00007ffaa8929000,0x00007ffaa8a2a000)]
  0x00007ffac096c800 JavaThread "RMI TCP Accept-0" daemon [_thread_in_native, id=825, stack(0x00007ffaa8b2b000,0x00007ffaa8c2c000)]
  0x00007ffac08c4800 JavaThread "Service Thread" daemon [_thread_blocked, id=824, stack(0x00007ffab0041000,0x00007ffab0142000)]
  0x00007ffac08c1800 JavaThread "C1 CompilerThread1" daemon [_thread_blocked, id=823, stack(0x00007ffab0143000,0x00007ffab0243000)]
  0x00007ffac08bf800 JavaThread "C2 CompilerThread0" daemon [_thread_blocked, id=822, stack(0x00007ffab0244000,0x00007ffab0344000)]
  0x00007ffac08bd000 JavaThread "Monitor Ctrl-Break" daemon [_thread_in_native, id=821, stack(0x00007ffab0344000,0x00007ffab0445000)]
  0x00007ffac0145800 JavaThread "Signal Dispatcher" daemon [_thread_blocked, id=820, stack(0x00007ffab09ac000,0x00007ffab0aad000)]
  0x00007ffac0112800 JavaThread "Finalizer" daemon [_thread_blocked, id=813, stack(0x00007ffab0dfe000,0x00007ffab0eff000)]
  0x00007ffac0110000 JavaThread "Reference Handler" daemon [_thread_blocked, id=810, stack(0x00007ffab0eff000,0x00007ffab1000000)]

Other Threads:
  0x00007ffac0106800 VMThread [stack: 0x00007ffac405d000,0x00007ffac415d000] [id=807]
  0x00007ffac0980800 WatcherThread [stack: 0x00007ffaa8a2b000,0x00007ffaa8b2b000] [id=826]

VM state:synchronizing (normal execution)

VM Mutex/Monitor currently owned by a thread:  ([mutex/lock_event])
[0x00007ffac00094b0] Safepoint_lock - owner thread: 0x00007ffac0106800
[0x00007ffac0009530] Threads_lock - owner thread: 0x00007ffac0106800

heap address: 0x00000000a4c00000, size: 1460 MB, Compressed Oops mode: 32-bit
Narrow klass base: 0x0000000000000000, Narrow klass shift: 3
Compressed class space size: 1073741824 Address: 0x0000000100000000

Heap:
 PSYoungGen      total 387584K, used 238409K [0x00000000e1980000, 0x0000000100000000, 0x0000000100000000)
  eden space 369152K, 59% used [0x00000000e1980000,0x00000000ef052e28,0x00000000f8200000)
  from space 18432K, 99% used [0x00000000f8200000,0x00000000f93ff750,0x00000000f9400000)
  to   space 22016K, 0% used [0x00000000fea80000,0x00000000fea80000,0x0000000100000000)
 ParOldGen       total 90624K, used 40123K [0x00000000a4c00000, 0x00000000aa480000, 0x00000000e1980000)
  object space 90624K, 44% used [0x00000000a4c00000,0x00000000a732ed10,0x00000000aa480000)
 Metaspace       used 75223K, capacity 78777K, committed 78936K, reserved 1118208K
  class space    used 10454K, capacity 11074K, committed 11096K, reserved 1048576K

Card table byte_map: [0x00007ffac5b79000,0x00007ffac5e54000] byte_map_base: 0x00007ffac5653000

Marking Bits: (ParMarkBitMap*) 0x00007ffac881cd80
 Begin Bits: [0x00007ffaa9260000, 0x00007ffaaa930000)
 End Bits:   [0x00007ffaaa930000, 0x00007ffaac000000)

Polling page: 0x00007ffac9451000

CodeCache: size=245760Kb used=11778Kb max_used=11778Kb free=233981Kb
 bounds [0x00007ffab1000000, 0x00007ffab1b90000, 0x00007ffac0000000]
 total_blobs=6925 nmethods=6273 adapters=564
 compilation: enabled

Compilation events (10 events):
Event: 710.535 Thread 0x00007ffac08c1800 6436       1       org.apache.http.message.BasicLineFormatter::formatHeader (41 bytes)
Event: 710.535 Thread 0x00007ffac08c1800 nmethod 6436 0x00007ffab1b81910 code [0x00007ffab1b81ae0, 0x00007ffab1b82138]
Event: 710.542 Thread 0x00007ffac08c1800 6437       1       com.sun.jersey.core.util.KeyComparatorLinkedHashMap::addEntry (63 bytes)
Event: 710.543 Thread 0x00007ffac08c1800 nmethod 6437 0x00007ffab1b825d0 code [0x00007ffab1b82740, 0x00007ffab1b828b8]
Event: 710.543 Thread 0x00007ffac08c1800 6438       1       com.sun.jersey.core.util.KeyComparatorLinkedHashMap::createEntry (52 bytes)
Event: 710.543 Thread 0x00007ffac08c1800 nmethod 6438 0x00007ffab1b829d0 code [0x00007ffab1b82b40, 0x00007ffab1b82e10]
Event: 710.543 Thread 0x00007ffac08c1800 6439       1       com.sun.jersey.core.util.KeyComparatorLinkedHashMap$Entry::access$600 (6 bytes)
Event: 710.543 Thread 0x00007ffac08c1800 nmethod 6439 0x00007ffab1b83050 code [0x00007ffab1b831a0, 0x00007ffab1b832f0]
Event: 710.543 Thread 0x00007ffac08c1800 6440       1       com.sun.jersey.core.util.KeyComparatorLinkedHashMap$Entry::addBefore (30 bytes)
Event: 710.543 Thread 0x00007ffac08c1800 nmethod 6440 0x00007ffab1b83410 code [0x00007ffab1b83560, 0x00007ffab1b836d0]

GC Heap History (10 events):
Event: 11.275 GC heap before
{Heap before GC invocations=12 (full 2):
 PSYoungGen      total 273408K, used 10216K [0x00000000e1980000, 0x00000000f4800000, 0x0000000100000000)
  eden space 263168K, 0% used [0x00000000e1980000,0x00000000e1980000,0x00000000f1a80000)
  from space 10240K, 99% used [0x00000000f2880000,0x00000000f327a010,0x00000000f3280000)
  to   space 14336K, 0% used [0x00000000f1a80000,0x00000000f1a80000,0x00000000f2880000)
 ParOldGen       total 40960K, used 18678K [0x00000000a4c00000, 0x00000000a7400000, 0x00000000e1980000)
  object space 40960K, 45% used [0x00000000a4c00000,0x00000000a5e3d880,0x00000000a7400000)
 Metaspace       used 33663K, capacity 35383K, committed 35456K, reserved 1079296K
  class space    used 4579K, capacity 4940K, committed 4992K, reserved 1048576K
Event: 11.361 GC heap after
Heap after GC invocations=12 (full 2):
 PSYoungGen      total 273408K, used 0K [0x00000000e1980000, 0x00000000f4800000, 0x0000000100000000)
  eden space 263168K, 0% used [0x00000000e1980000,0x00000000e1980000,0x00000000f1a80000)
  from space 10240K, 0% used [0x00000000f2880000,0x00000000f2880000,0x00000000f3280000)
  to   space 14336K, 0% used [0x00000000f1a80000,0x00000000f1a80000,0x00000000f2880000)
 ParOldGen       total 63488K, used 22772K [0x00000000a4c00000, 0x00000000a8a00000, 0x00000000e1980000)
  object space 63488K, 35% used [0x00000000a4c00000,0x00000000a623d0a8,0x00000000a8a00000)
 Metaspace       used 33663K, capacity 35383K, committed 35456K, reserved 1079296K
  class space    used 4579K, capacity 4940K, committed 4992K, reserved 1048576K
}
Event: 13.231 GC heap before
{Heap before GC invocations=13 (full 2):
 PSYoungGen      total 273408K, used 263168K [0x00000000e1980000, 0x00000000f4800000, 0x0000000100000000)
  eden space 263168K, 100% used [0x00000000e1980000,0x00000000f1a80000,0x00000000f1a80000)
  from space 10240K, 0% used [0x00000000f2880000,0x00000000f2880000,0x00000000f3280000)
  to   space 14336K, 0% used [0x00000000f1a80000,0x00000000f1a80000,0x00000000f2880000)
 ParOldGen       total 63488K, used 22772K [0x00000000a4c00000, 0x00000000a8a00000, 0x00000000e1980000)
  object space 63488K, 35% used [0x00000000a4c00000,0x00000000a623d0a8,0x00000000a8a00000)
 Metaspace       used 44765K, capacity 46731K, committed 46976K, reserved 1089536K
  class space    used 6114K, capacity 6516K, committed 6528K, reserved 1048576K
Event: 13.248 GC heap after
Heap after GC invocations=13 (full 2):
 PSYoungGen      total 277504K, used 14326K [0x00000000e1980000, 0x00000000fa480000, 0x0000000100000000)
  eden space 263168K, 0% used [0x00000000e1980000,0x00000000e1980000,0x00000000f1a80000)
  from space 14336K, 99% used [0x00000000f1a80000,0x00000000f287da50,0x00000000f2880000)
  to   space 16896K, 0% used [0x00000000f9400000,0x00000000f9400000,0x00000000fa480000)
 ParOldGen       total 63488K, used 24720K [0x00000000a4c00000, 0x00000000a8a00000, 0x00000000e1980000)
  object space 63488K, 38% used [0x00000000a4c00000,0x00000000a64243e8,0x00000000a8a00000)
 Metaspace       used 44765K, capacity 46731K, committed 46976K, reserved 1089536K
  class space    used 6114K, capacity 6516K, committed 6528K, reserved 1048576K
}
Event: 15.096 GC heap before
{Heap before GC invocations=14 (full 2):
 PSYoungGen      total 277504K, used 190153K [0x00000000e1980000, 0x00000000fa480000, 0x0000000100000000)
  eden space 263168K, 66% used [0x00000000e1980000,0x00000000ec534c00,0x00000000f1a80000)
  from space 14336K, 99% used [0x00000000f1a80000,0x00000000f287da50,0x00000000f2880000)
  to   space 16896K, 0% used [0x00000000f9400000,0x00000000f9400000,0x00000000fa480000)
 ParOldGen       total 63488K, used 24720K [0x00000000a4c00000, 0x00000000a8a00000, 0x00000000e1980000)
  object space 63488K, 38% used [0x00000000a4c00000,0x00000000a64243e8,0x00000000a8a00000)
 Metaspace       used 56311K, capacity 59009K, committed 59096K, reserved 1099776K
  class space    used 7829K, capacity 8323K, committed 8408K, reserved 1048576K
Event: 15.155 GC heap after
Heap after GC invocations=14 (full 2):
 PSYoungGen      total 386048K, used 14658K [0x00000000e1980000, 0x00000000faa00000, 0x0000000100000000)
  eden space 369152K, 0% used [0x00000000e1980000,0x00000000e1980000,0x00000000f8200000)
  from space 16896K, 86% used [0x00000000f9400000,0x00000000fa250b28,0x00000000fa480000)
  to   space 18432K, 0% used [0x00000000f8200000,0x00000000f8200000,0x00000000f9400000)
 ParOldGen       total 63488K, used 32368K [0x00000000a4c00000, 0x00000000a8a00000, 0x00000000e1980000)
  object space 63488K, 50% used [0x00000000a4c00000,0x00000000a6b9c268,0x00000000a8a00000)
 Metaspace       used 56311K, capacity 59009K, committed 59096K, reserved 1099776K
  class space    used 7829K, capacity 8323K, committed 8408K, reserved 1048576K
}
Event: 15.155 GC heap before
{Heap before GC invocations=15 (full 3):
 PSYoungGen      total 386048K, used 14658K [0x00000000e1980000, 0x00000000faa00000, 0x0000000100000000)
  eden space 369152K, 0% used [0x00000000e1980000,0x00000000e1980000,0x00000000f8200000)
  from space 16896K, 86% used [0x00000000f9400000,0x00000000fa250b28,0x00000000fa480000)
  to   space 18432K, 0% used [0x00000000f8200000,0x00000000f8200000,0x00000000f9400000)
 ParOldGen       total 63488K, used 32368K [0x00000000a4c00000, 0x00000000a8a00000, 0x00000000e1980000)
  object space 63488K, 50% used [0x00000000a4c00000,0x00000000a6b9c268,0x00000000a8a00000)
 Metaspace       used 56311K, capacity 59009K, committed 59096K, reserved 1099776K
  class space    used 7829K, capacity 8323K, committed 8408K, reserved 1048576K
Event: 15.317 GC heap after
Heap after GC invocations=15 (full 3):
 PSYoungGen      total 386048K, used 0K [0x00000000e1980000, 0x00000000faa00000, 0x0000000100000000)
  eden space 369152K, 0% used [0x00000000e1980000,0x00000000e1980000,0x00000000f8200000)
  from space 16896K, 0% used [0x00000000f9400000,0x00000000f9400000,0x00000000fa480000)
  to   space 18432K, 0% used [0x00000000f8200000,0x00000000f8200000,0x00000000f9400000)
 ParOldGen       total 90624K, used 38561K [0x00000000a4c00000, 0x00000000aa480000, 0x00000000e1980000)
  object space 90624K, 42% used [0x00000000a4c00000,0x00000000a71a85d0,0x00000000aa480000)
 Metaspace       used 56307K, capacity 59003K, committed 59096K, reserved 1099776K
  class space    used 7829K, capacity 8322K, committed 8408K, reserved 1048576K
}
Event: 58.212 GC heap before
{Heap before GC invocations=16 (full 3):
 PSYoungGen      total 386048K, used 369152K [0x00000000e1980000, 0x00000000faa00000, 0x0000000100000000)
  eden space 369152K, 100% used [0x00000000e1980000,0x00000000f8200000,0x00000000f8200000)
  from space 16896K, 0% used [0x00000000f9400000,0x00000000f9400000,0x00000000fa480000)
  to   space 18432K, 0% used [0x00000000f8200000,0x00000000f8200000,0x00000000f9400000)
 ParOldGen       total 90624K, used 38561K [0x00000000a4c00000, 0x00000000aa480000, 0x00000000e1980000)
  object space 90624K, 42% used [0x00000000a4c00000,0x00000000a71a85d0,0x00000000aa480000)
 Metaspace       used 68975K, capacity 72247K, committed 72536K, reserved 1112064K
  class space    used 9698K, capacity 10297K, committed 10328K, reserved 1048576K
Event: 58.254 GC heap after
Heap after GC invocations=16 (full 3):
 PSYoungGen      total 387584K, used 18429K [0x00000000e1980000, 0x0000000100000000, 0x0000000100000000)
  eden space 369152K, 0% used [0x00000000e1980000,0x00000000e1980000,0x00000000f8200000)
  from space 18432K, 99% used [0x00000000f8200000,0x00000000f93ff750,0x00000000f9400000)
  to   space 22016K, 0% used [0x00000000fea80000,0x00000000fea80000,0x0000000100000000)
 ParOldGen       total 90624K, used 40123K [0x00000000a4c00000, 0x00000000aa480000, 0x00000000e1980000)
  object space 90624K, 44% used [0x00000000a4c00000,0x00000000a732ed10,0x00000000aa480000)
 Metaspace       used 68975K, capacity 72247K, committed 72536K, reserved 1112064K
  class space    used 9698K, capacity 10297K, committed 10328K, reserved 1048576K
}

Deoptimization events (0 events):
No events

Classes redefined (0 events):
No events

Internal exceptions (10 events):
Event: 559.864 Thread 0x00007ffa74002800 Exception <a 'java/net/SocketTimeoutException': Read timed out> (0x00000000e64570f0) thrown at [/HUDSON/workspace/8-2-build-linux-amd64/jdk8u202/12319/hotspot/src/share/vm/prims/jni.cpp, line 736]
Event: 560.335 Thread 0x00007ffa78003000 Exception <a 'java/net/SocketTimeoutException': Read timed out> (0x00000000e6654690) thrown at [/HUDSON/workspace/8-2-build-linux-amd64/jdk8u202/12319/hotspot/src/share/vm/prims/jni.cpp, line 736]
Event: 589.868 Thread 0x00007ffa74002800 Exception <a 'java/net/SocketTimeoutException': Read timed out> (0x00000000e64616d0) thrown at [/HUDSON/workspace/8-2-build-linux-amd64/jdk8u202/12319/hotspot/src/share/vm/prims/jni.cpp, line 736]
Event: 590.339 Thread 0x00007ffa78003000 Exception <a 'java/net/SocketTimeoutException': Read timed out> (0x00000000ed4c01f8) thrown at [/HUDSON/workspace/8-2-build-linux-amd64/jdk8u202/12319/hotspot/src/share/vm/prims/jni.cpp, line 736]
Event: 619.873 Thread 0x00007ffa74002800 Exception <a 'java/net/SocketTimeoutException': Read timed out> (0x00000000e646bcb0) thrown at [/HUDSON/workspace/8-2-build-linux-amd64/jdk8u202/12319/hotspot/src/share/vm/prims/jni.cpp, line 736]
Event: 620.344 Thread 0x00007ffa78003000 Exception <a 'java/net/SocketTimeoutException': Read timed out> (0x00000000ed4ca8d8) thrown at [/HUDSON/workspace/8-2-build-linux-amd64/jdk8u202/12319/hotspot/src/share/vm/prims/jni.cpp, line 736]
Event: 649.882 Thread 0x00007ffa74002800 Exception <a 'java/net/SocketTimeoutException': Read timed out> (0x00000000e64882d0) thrown at [/HUDSON/workspace/8-2-build-linux-amd64/jdk8u202/12319/hotspot/src/share/vm/prims/jni.cpp, line 736]
Event: 650.349 Thread 0x00007ffa78003000 Exception <a 'java/net/SocketTimeoutException': Read timed out> (0x00000000ed4d4fb8) thrown at [/HUDSON/workspace/8-2-build-linux-amd64/jdk8u202/12319/hotspot/src/share/vm/prims/jni.cpp, line 736]
Event: 679.893 Thread 0x00007ffa74002800 Exception <a 'java/net/SocketTimeoutException': Read timed out> (0x00000000ee5858e0) thrown at [/HUDSON/workspace/8-2-build-linux-amd64/jdk8u202/12319/hotspot/src/share/vm/prims/jni.cpp, line 736]
Event: 710.534 Thread 0x00007ffa78003000 Exception <a 'java/net/SocketTimeoutException': Read timed out> (0x00000000ed4f0750) thrown at [/HUDSON/workspace/8-2-build-linux-amd64/jdk8u202/12319/hotspot/src/share/vm/prims/jni.cpp, line 736]

Events (10 events):
Event: 91.331 loading class com/fasterxml/jackson/databind/ser/impl/PropertySerializerMap$Multi done
Event: 93.288 Executing VM operation: RevokeBias
Event: 93.288 Executing VM operation: RevokeBias done
Event: 93.288 Thread 0x00000000011e7800 Thread exited: 0x00000000011e7800
Event: 96.185 Executing VM operation: RevokeBias
Event: 96.185 Executing VM operation: RevokeBias done
Event: 106.521 Thread 0x00007ffa7c071800 Thread exited: 0x00007ffa7c071800
Event: 106.521 Thread 0x00007ffa7c001800 Thread exited: 0x00007ffa7c001800
Event: 125.610 Thread 0x00007ffa7c070800 Thread exited: 0x00007ffa7c070800
Event: 317.483 Thread 0x00007ffa6c00c800 Thread added: 0x00007ffa6c00c800


Dynamic libraries:
00400000-00401000 r-xp 00000000 08:03 1840543                            /opt/jdk1.8/jdk1.8.0_202/bin/java
00600000-00601000 r--p 00000000 08:03 1840543                            /opt/jdk1.8/jdk1.8.0_202/bin/java
00601000-00602000 rw-p 00001000 08:03 1840543                            /opt/jdk1.8/jdk1.8.0_202/bin/java
01097000-01290000 rw-p 00000000 00:00 0                                  [heap]
a4c00000-aa480000 rw-p 00000000 00:00 0 
aa480000-e1980000 ---p 00000000 00:00 0 
e1980000-100000000 rw-p 00000000 00:00 0 
100000000-100ad6000 rw-p 00000000 00:00 0 
100ad6000-140000000 ---p 00000000 00:00 0 
7ffa69bf3000-7ffa69c33000 rw-p 00000000 00:00 0 
7ffa69c33000-7ffa69df6000 ---p 00000000 00:00 0 
7ffa69df6000-7ffa69ef4000 rw-p 00000000 00:00 0 
7ffa69ef4000-7ffa69ef7000 ---p 00000000 00:00 0 
7ffa69ef7000-7ffa69ff5000 rw-p 00000000 00:00 0 
7ffa69ff5000-7ffa69ff8000 ---p 00000000 00:00 0 
7ffa69ff8000-7ffa6a0f6000 rw-p 00000000 00:00 0 
7ffa6a0f6000-7ffa6a0f9000 ---p 00000000 00:00 0 
7ffa6a0f9000-7ffa6a1f7000 rw-p 00000000 00:00 0 
7ffa6a1f7000-7ffa6a1fa000 ---p 00000000 00:00 0 
7ffa6a1fa000-7ffa6a4f8000 rw-p 00000000 00:00 0 
7ffa6a4f8000-7ffa6b6f9000 rw-p 00000000 00:00 0 
7ffa6b6f9000-7ffa6b6fc000 ---p 00000000 00:00 0 
7ffa6b6fc000-7ffa6b9fa000 rw-p 00000000 00:00 0 
7ffa6b9fa000-7ffa6b9fd000 ---p 00000000 00:00 0 
7ffa6b9fd000-7ffa6bafb000 rw-p 00000000 00:00 0 
7ffa6bafb000-7ffa6bafe000 ---p 00000000 00:00 0 
7ffa6bafe000-7ffa6bbfc000 rw-p 00000000 00:00 0 
7ffa6bbfc000-7ffa6bbff000 ---p 00000000 00:00 0 
7ffa6bbff000-7ffa6bcfd000 rw-p 00000000 00:00 0 
7ffa6bcfd000-7ffa6bd00000 ---p 00000000 00:00 0 
7ffa6bd00000-7ffa6bdfe000 rw-p 00000000 00:00 0 
7ffa6bdfe000-7ffa6be01000 ---p 00000000 00:00 0 
7ffa6be01000-7ffa6beff000 rw-p 00000000 00:00 0 
7ffa6beff000-7ffa6bf02000 ---p 00000000 00:00 0 
7ffa6bf02000-7ffa6c000000 rw-p 00000000 00:00 0 
7ffa6c000000-7ffa6c2b0000 rw-p 00000000 00:00 0 
7ffa6c2b0000-7ffa70000000 ---p 00000000 00:00 0 
7ffa70097000-7ffa7009a000 ---p 00000000 00:00 0 
7ffa7009a000-7ffa70198000 rw-p 00000000 00:00 0 
7ffa70198000-7ffa7019b000 ---p 00000000 00:00 0 
7ffa7019b000-7ffa70299000 rw-p 00000000 00:00 0 
7ffa70299000-7ffa7029c000 ---p 00000000 00:00 0 
7ffa7029c000-7ffa7039a000 rw-p 00000000 00:00 0 
7ffa7039a000-7ffa7039d000 ---p 00000000 00:00 0 
7ffa7039d000-7ffa7049b000 rw-p 00000000 00:00 0 
7ffa7049b000-7ffa7049e000 ---p 00000000 00:00 0 
7ffa7049e000-7ffa7059c000 rw-p 00000000 00:00 0 
7ffa7059c000-7ffa7059f000 ---p 00000000 00:00 0 
7ffa7059f000-7ffa7069d000 rw-p 00000000 00:00 0 
7ffa7069d000-7ffa706a0000 ---p 00000000 00:00 0 
7ffa706a0000-7ffa7079e000 rw-p 00000000 00:00 0 
7ffa7079e000-7ffa707a1000 ---p 00000000 00:00 0 
7ffa707a1000-7ffa7089f000 rw-p 00000000 00:00 0 
7ffa7089f000-7ffa708a2000 ---p 00000000 00:00 0 
7ffa708a2000-7ffa709a0000 rw-p 00000000 00:00 0 
7ffa709a0000-7ffa709a3000 ---p 00000000 00:00 0 
7ffa709a3000-7ffa70aa1000 rw-p 00000000 00:00 0 
7ffa70aa1000-7ffa70aa4000 ---p 00000000 00:00 0 
7ffa70aa4000-7ffa70ba2000 rw-p 00000000 00:00 0 
7ffa70ba2000-7ffa70ba5000 ---p 00000000 00:00 0 
7ffa70ba5000-7ffa70ea3000 rw-p 00000000 00:00 0 
7ffa70ea3000-7ffa70ea6000 ---p 00000000 00:00 0 
7ffa70ea6000-7ffa711a4000 rw-p 00000000 00:00 0 
7ffa711a4000-7ffa711a7000 ---p 00000000 00:00 0 
7ffa711a7000-7ffa714a5000 rw-p 00000000 00:00 0 
7ffa714a5000-7ffa714bc000 r-xp 00000000 08:03 4457162                    /lib/x86_64-linux-gnu/libgcc_s.so.1
7ffa714bc000-7ffa716bb000 ---p 00017000 08:03 4457162                    /lib/x86_64-linux-gnu/libgcc_s.so.1
7ffa716bb000-7ffa716bc000 r--p 00016000 08:03 4457162                    /lib/x86_64-linux-gnu/libgcc_s.so.1
7ffa716bc000-7ffa716bd000 rw-p 00017000 08:03 4457162                    /lib/x86_64-linux-gnu/libgcc_s.so.1
7ffa716bd000-7ffa716f5000 r-xp 00000000 08:03 2359721                    /opt/jdk1.8/jdk1.8.0_202/jre/lib/amd64/libsunec.so
7ffa716f5000-7ffa718f4000 ---p 00038000 08:03 2359721                    /opt/jdk1.8/jdk1.8.0_202/jre/lib/amd64/libsunec.so
7ffa718f4000-7ffa718f9000 r--p 00037000 08:03 2359721                    /opt/jdk1.8/jdk1.8.0_202/jre/lib/amd64/libsunec.so
7ffa718f9000-7ffa718fb000 rw-p 0003c000 08:03 2359721                    /opt/jdk1.8/jdk1.8.0_202/jre/lib/amd64/libsunec.so
7ffa718fb000-7ffa718fe000 ---p 00000000 00:00 0 
7ffa718fe000-7ffa71bfc000 rw-p 00000000 00:00 0 
7ffa71bfc000-7ffa71dfc000 rw-p 00000000 00:00 0 
7ffa71dfc000-7ffa71ffc000 rw-p 00000000 00:00 0 
7ffa71ffc000-7ffa721fc000 rw-p 00000000 00:00 0 
7ffa721fc000-7ffa723fc000 rw-p 00000000 00:00 0 
7ffa723fc000-7ffa725fc000 rw-p 00000000 00:00 0 
7ffa725fc000-7ffa727fc000 rw-p 00000000 00:00 0 
7ffa727fc000-7ffa729fc000 rw-p 00000000 00:00 0 
7ffa729fc000-7ffa729ff000 ---p 00000000 00:00 0 
7ffa729ff000-7ffa72cfd000 rw-p 00000000 00:00 0 
7ffa72cfd000-7ffa72d00000 ---p 00000000 00:00 0 
7ffa72d00000-7ffa72ffe000 rw-p 00000000 00:00 0 
7ffa72ffe000-7ffa73001000 ---p 00000000 00:00 0 
7ffa73001000-7ffa730ff000 rw-p 00000000 00:00 0 
7ffa730ff000-7ffa73102000 ---p 00000000 00:00 0 
7ffa73102000-7ffa73400000 rw-p 00000000 00:00 0 
7ffa73400000-7ffa73600000 rw-p 00000000 00:00 0 
7ffa73600000-7ffa73800000 rw-p 00000000 00:00 0 
7ffa73800000-7ffa73a00000 rw-p 00000000 00:00 0 
7ffa73a00000-7ffa73c00000 rw-p 00000000 00:00 0 
7ffa73c00000-7ffa73e00000 rw-p 00000000 00:00 0 
7ffa73e00000-7ffa74000000 rw-p 00000000 00:00 0 
7ffa74000000-7ffa74021000 rw-p 00000000 00:00 0 
7ffa74021000-7ffa78000000 ---p 00000000 00:00 0 
7ffa78000000-7ffa78021000 rw-p 00000000 00:00 0 
7ffa78021000-7ffa7c000000 ---p 00000000 00:00 0 
7ffa7c000000-7ffa7c085000 rw-p 00000000 00:00 0 
7ffa7c085000-7ffa80000000 ---p 00000000 00:00 0 
7ffa80000000-7ffa81b96000 rw-p 00000000 00:00 0 
7ffa81b96000-7ffa84000000 ---p 00000000 00:00 0 
7ffa8402d000-7ffa84030000 ---p 00000000 00:00 0 
7ffa84030000-7ffa8432e000 rw-p 00000000 00:00 0 
7ffa8432e000-7ffa8452e000 rw-p 00000000 00:00 0 
7ffa8452e000-7ffa8472e000 rw-p 00000000 00:00 0 
7ffa8472e000-7ffa8492e000 rw-p 00000000 00:00 0 
7ffa8492e000-7ffa849c4000 r--s 01111000 08:03 2359614                    /opt/jdk1.8/jdk1.8.0_202/jre/lib/ext/jfxrt.jar
7ffa849c4000-7ffa849d7000 r-xp 00000000 08:03 4457262                    /lib/x86_64-linux-gnu/libresolv-2.27.so
7ffa849d7000-7ffa84bd7000 ---p 00013000 08:03 4457262                    /lib/x86_64-linux-gnu/libresolv-2.27.so
7ffa84bd7000-7ffa84bd8000 r--p 00013000 08:03 4457262                    /lib/x86_64-linux-gnu/libresolv-2.27.so
7ffa84bd8000-7ffa84bd9000 rw-p 00014000 08:03 4457262                    /lib/x86_64-linux-gnu/libresolv-2.27.so
7ffa84bd9000-7ffa84bdb000 rw-p 00000000 00:00 0 
7ffa84bdb000-7ffa84be0000 r-xp 00000000 08:03 4457213                    /lib/x86_64-linux-gnu/libnss_dns-2.27.so
7ffa84be0000-7ffa84ddf000 ---p 00005000 08:03 4457213                    /lib/x86_64-linux-gnu/libnss_dns-2.27.so
7ffa84ddf000-7ffa84de0000 r--p 00004000 08:03 4457213                    /lib/x86_64-linux-gnu/libnss_dns-2.27.so
7ffa84de0000-7ffa84de1000 rw-p 00005000 08:03 4457213                    /lib/x86_64-linux-gnu/libnss_dns-2.27.so
7ffa84dff000-7ffa84fff000 rw-p 00000000 00:00 0 
7ffa84fff000-7ffa88000000 rw-p 00000000 00:00 0 
7ffa88000000-7ffa880c8000 rw-p 00000000 00:00 0 
7ffa880c8000-7ffa8c000000 ---p 00000000 00:00 0 
7ffa8c000000-7ffa8cab6000 rw-p 00000000 00:00 0 
7ffa8cab6000-7ffa90000000 ---p 00000000 00:00 0 
7ffa90000000-7ffa9006b000 rw-p 00000000 00:00 0 
7ffa9006b000-7ffa94000000 ---p 00000000 00:00 0 
7ffa94000000-7ffa9429d000 rw-p 00000000 00:00 0 
7ffa9429d000-7ffa98000000 ---p 00000000 00:00 0 
7ffa98000000-7ffa982b3000 rw-p 00000000 00:00 0 
7ffa982b3000-7ffa9c000000 ---p 00000000 00:00 0 
7ffa9c000000-7ffa9c021000 rw-p 00000000 00:00 0 
7ffa9c021000-7ffaa0000000 ---p 00000000 00:00 0 
7ffaa0000000-7ffaa01ac000 rw-p 00000000 00:00 0 
7ffaa01ac000-7ffaa4000000 ---p 00000000 00:00 0 
7ffaa4000000-7ffaa4075000 rw-p 00000000 00:00 0 
7ffaa4075000-7ffaa8000000 ---p 00000000 00:00 0 
7ffaa8002000-7ffaa8006000 r--s 0003a000 08:03 2359618                    /opt/jdk1.8/jdk1.8.0_202/jre/lib/ext/sunpkcs11.jar
7ffaa8006000-7ffaa8009000 ---p 00000000 00:00 0 
7ffaa8009000-7ffaa8107000 rw-p 00000000 00:00 0 
7ffaa8107000-7ffaa810a000 ---p 00000000 00:00 0 
7ffaa810a000-7ffaa8208000 rw-p 00000000 00:00 0 
7ffaa8208000-7ffaa820b000 ---p 00000000 00:00 0 
7ffaa820b000-7ffaa8509000 rw-p 00000000 00:00 0 
7ffaa8509000-7ffaa850c000 ---p 00000000 00:00 0 
7ffaa850c000-7ffaa860a000 rw-p 00000000 00:00 0 
7ffaa860a000-7ffaa860d000 ---p 00000000 00:00 0 
7ffaa860d000-7ffaa870b000 rw-p 00000000 00:00 0 
7ffaa870b000-7ffaa8727000 r--s 00393000 08:03 2359613                    /opt/jdk1.8/jdk1.8.0_202/jre/lib/ext/cldrdata.jar
7ffaa8727000-7ffaa872a000 ---p 00000000 00:00 0 
7ffaa872a000-7ffaa8828000 rw-p 00000000 00:00 0 
7ffaa8828000-7ffaa882b000 ---p 00000000 00:00 0 
7ffaa882b000-7ffaa8929000 rw-p 00000000 00:00 0 
7ffaa8929000-7ffaa892c000 ---p 00000000 00:00 0 
7ffaa892c000-7ffaa8a2a000 rw-p 00000000 00:00 0 
7ffaa8a2a000-7ffaa8a2b000 ---p 00000000 00:00 0 
7ffaa8a2b000-7ffaa8b2b000 rw-p 00000000 00:00 0 
7ffaa8b2b000-7ffaa8b2e000 ---p 00000000 00:00 0 
7ffaa8b2e000-7ffaa8c2c000 rw-p 00000000 00:00 0 
7ffaa8c2c000-7ffaa8c3d000 r-xp 00000000 08:03 2359774                    /opt/jdk1.8/jdk1.8.0_202/jre/lib/amd64/libnio.so
7ffaa8c3d000-7ffaa8e3c000 ---p 00011000 08:03 2359774                    /opt/jdk1.8/jdk1.8.0_202/jre/lib/amd64/libnio.so
7ffaa8e3c000-7ffaa8e3d000 r--p 00010000 08:03 2359774                    /opt/jdk1.8/jdk1.8.0_202/jre/lib/amd64/libnio.so
7ffaa8e3d000-7ffaa8e3e000 rw-p 00011000 08:03 2359774                    /opt/jdk1.8/jdk1.8.0_202/jre/lib/amd64/libnio.so
7ffaa8e3e000-7ffaa8e47000 r-xp 00000000 08:03 2359778                    /opt/jdk1.8/jdk1.8.0_202/jre/lib/amd64/libmanagement.so
7ffaa8e47000-7ffaa9046000 ---p 00009000 08:03 2359778                    /opt/jdk1.8/jdk1.8.0_202/jre/lib/amd64/libmanagement.so
7ffaa9046000-7ffaa9047000 r--p 00008000 08:03 2359778                    /opt/jdk1.8/jdk1.8.0_202/jre/lib/amd64/libmanagement.so
7ffaa9047000-7ffaa9048000 rw-p 00009000 08:03 2359778                    /opt/jdk1.8/jdk1.8.0_202/jre/lib/amd64/libmanagement.so
7ffaa9048000-7ffaa905e000 r-xp 00000000 08:03 2359771                    /opt/jdk1.8/jdk1.8.0_202/jre/lib/amd64/libnet.so
7ffaa905e000-7ffaa925e000 ---p 00016000 08:03 2359771                    /opt/jdk1.8/jdk1.8.0_202/jre/lib/amd64/libnet.so
7ffaa925e000-7ffaa925f000 r--p 00016000 08:03 2359771                    /opt/jdk1.8/jdk1.8.0_202/jre/lib/amd64/libnet.so
7ffaa925f000-7ffaa9260000 rw-p 00017000 08:03 2359771                    /opt/jdk1.8/jdk1.8.0_202/jre/lib/amd64/libnet.so
7ffaa9260000-7ffaac000000 rw-p 00000000 00:00 0 
7ffaac000000-7ffaac078000 rw-p 00000000 00:00 0 
7ffaac078000-7ffab0000000 ---p 00000000 00:00 0 
7ffab0000000-7ffab0002000 r--s 00009000 08:03 2359611                    /opt/jdk1.8/jdk1.8.0_202/jre/lib/ext/sunec.jar
7ffab0002000-7ffab0005000 r--s 0001a000 08:03 2359786                    /opt/jdk1.8/jdk1.8.0_202/jre/lib/jce.jar
7ffab0005000-7ffab000a000 r--s 002f9000 08:03 2359550                    /opt/jdk1.8/jdk1.8.0_202/jre/lib/charsets.jar
7ffab000a000-7ffab0014000 r--s 00116000 08:03 2359620                    /opt/jdk1.8/jdk1.8.0_202/jre/lib/ext/localedata.jar
7ffab0014000-7ffab001b000 r--s 00000000 08:03 2885039                    /usr/lib/x86_64-linux-gnu/gconv/gconv-modules.cache
7ffab001b000-7ffab003d000 r--p 00000000 08:03 3806972                    /usr/share/locale/zh_CN/LC_MESSAGES/libc.mo
7ffab003d000-7ffab0041000 r--s 000a1000 08:03 2359609                    /opt/jdk1.8/jdk1.8.0_202/jre/lib/jsse.jar
7ffab0041000-7ffab0044000 ---p 00000000 00:00 0 
7ffab0044000-7ffab0142000 rw-p 00000000 00:00 0 
7ffab0142000-7ffab0143000 ---p 00000000 00:00 0 
7ffab0143000-7ffab0146000 ---p 00000000 00:00 0 
7ffab0146000-7ffab0243000 rw-p 00000000 00:00 0 
7ffab0243000-7ffab0244000 ---p 00000000 00:00 0 
7ffab0244000-7ffab0247000 ---p 00000000 00:00 0 
7ffab0247000-7ffab0344000 rw-p 00000000 00:00 0 
7ffab0344000-7ffab0347000 ---p 00000000 00:00 0 
7ffab0347000-7ffab0445000 rw-p 00000000 00:00 0 
7ffab0445000-7ffab0447000 r--s 0001b000 08:03 1984523                    /opt/IDEA/idea-IU-191.6183.87/lib/idea_rt.jar
7ffab0447000-7ffab046b000 r--s 00110000 08:11 362202                     /media/eric/Data/mavenRepository/org/springframework/boot/spring-boot-autoconfigure/2.1.3.RELEASE/spring-boot-autoconfigure-2.1.3.RELEASE.jar
7ffab046b000-7ffab0480000 r--s 000d3000 08:11 362250                     /media/eric/Data/mavenRepository/org/springframework/boot/spring-boot/2.1.3.RELEASE/spring-boot-2.1.3.RELEASE.jar
7ffab0480000-7ffab0486000 r--s 0002e000 08:11 362253                     /media/eric/Data/mavenRepository/org/springframework/boot/spring-boot-devtools/2.1.3.RELEASE/spring-boot-devtools-2.1.3.RELEASE.jar
7ffab0486000-7ffab049d000 r--s 00188000 08:11 362532                     /media/eric/Data/mavenRepository/org/projectlombok/lombok/1.18.4/lombok-1.18.4.jar
7ffab049d000-7ffab049e000 r--s 00005000 08:11 362201                     /media/eric/Data/mavenRepository/org/springframework/spring-jcl/5.1.5.RELEASE/spring-jcl-5.1.5.RELEASE.jar
7ffab049e000-7ffab04b7000 r--s 00123000 08:11 362226                     /media/eric/Data/mavenRepository/org/springframework/spring-core/5.1.5.RELEASE/spring-core-5.1.5.RELEASE.jar
7ffab04b7000-7ffab04c6000 r--s 000b5000 08:11 362275                     /media/eric/Data/mavenRepository/org/springframework/spring-webmvc/5.1.5.RELEASE/spring-webmvc-5.1.5.RELEASE.jar
7ffab04c6000-7ffab04cb000 r--s 00012000 08:11 362521                     /media/eric/Data/mavenRepository/javax/validation/validation-api/2.0.1.Final/validation-api-2.0.1.Final.jar
7ffab04cb000-7ffab04e8000 r--s 000fe000 08:11 362422                     /media/eric/Data/mavenRepository/org/hibernate/validator/hibernate-validator/6.0.14.Final/hibernate-validator-6.0.14.Final.jar
7ffab04e8000-7ffab04ed000 r--s 0003c000 08:11 362391                     /media/eric/Data/mavenRepository/org/apache/tomcat/embed/tomcat-embed-websocket/9.0.16/tomcat-embed-websocket-9.0.16.jar
7ffab04ed000-7ffab04f2000 r--s 00039000 08:11 362510                     /media/eric/Data/mavenRepository/org/apache/tomcat/embed/tomcat-embed-el/9.0.16/tomcat-embed-el-9.0.16.jar
7ffab04f2000-7ffab051c000 r--s 002f9000 08:11 362445                     /media/eric/Data/mavenRepository/org/apache/tomcat/embed/tomcat-embed-core/9.0.16/tomcat-embed-core-9.0.16.jar
7ffab051c000-7ffab051d000 r--s 00000000 08:11 362197                     /media/eric/Data/mavenRepository/org/springframework/boot/spring-boot-starter-tomcat/2.1.3.RELEASE/spring-boot-starter-tomcat-2.1.3.RELEASE.jar
7ffab051d000-7ffab051f000 r--s 00001000 08:11 362441                     /media/eric/Data/mavenRepository/com/fasterxml/jackson/module/jackson-module-parameter-names/2.9.8/jackson-module-parameter-names-2.9.8.jar
7ffab051f000-7ffab0522000 r--s 00016000 08:11 362464                     /media/eric/Data/mavenRepository/com/fasterxml/jackson/datatype/jackson-datatype-jsr310/2.9.8/jackson-datatype-jsr310-2.9.8.jar
7ffab0522000-7ffab0524000 r--s 00007000 08:11 362499                     /media/eric/Data/mavenRepository/com/fasterxml/jackson/datatype/jackson-datatype-jdk8/2.9.8/jackson-datatype-jdk8-2.9.8.jar
7ffab0524000-7ffab0525000 r--s 00000000 08:11 362172                     /media/eric/Data/mavenRepository/org/springframework/boot/spring-boot-starter-json/2.1.3.RELEASE/spring-boot-starter-json-2.1.3.RELEASE.jar
7ffab0525000-7ffab0526000 r--s 00000000 08:11 362256                     /media/eric/Data/mavenRepository/org/springframework/boot/spring-boot-starter-web/2.1.3.RELEASE/spring-boot-starter-web-2.1.3.RELEASE.jar
7ffab0526000-7ffab052e000 r--s 00073000 08:11 362505                     /media/eric/Data/mavenRepository/org/apache/commons/commons-lang3/3.8.1/commons-lang3-3.8.1.jar
7ffab052e000-7ffab0531000 r--s 00017000 08:11 362494                     /media/eric/Data/mavenRepository/io/jsonwebtoken/jjwt/0.6.0/jjwt-0.6.0.jar
7ffab0531000-7ffab0533000 r--s 0001a000 08:11 174761                     /media/eric/Data/mavenRepository/org/hdrhistogram/HdrHistogram/2.1.9/HdrHistogram-2.1.9.jar
7ffab0533000-7ffab0540000 r--s 00066000 08:11 362443                     /media/eric/Data/mavenRepository/com/netflix/hystrix/hystrix-core/1.5.18/hystrix-core-1.5.18.jar
7ffab0540000-7ffab0541000 r--s 00003000 08:11 362490                     /media/eric/Data/mavenRepository/io/github/openfeign/feign-hystrix/10.1.0/feign-hystrix-10.1.0.jar
7ffab0541000-7ffab0542000 r--s 00000000 08:11 362488                     /media/eric/Data/mavenRepository/io/github/openfeign/feign-slf4j/10.1.0/feign-slf4j-10.1.0.jar
7ffab0542000-7ffab0545000 r--s 0001e000 08:11 362495                     /media/eric/Data/mavenRepository/io/github/openfeign/feign-core/10.1.0/feign-core-10.1.0.jar
7ffab0545000-7ffab0547000 r--s 00010000 08:11 362272                     /media/eric/Data/mavenRepository/org/springframework/security/spring-security-crypto/5.1.4.RELEASE/spring-security-crypto-5.1.4.RELEASE.jar
7ffab0547000-7ffab054d000 r--s 0001f000 08:11 362267                     /media/eric/Data/mavenRepository/org/springframework/cloud/spring-cloud-commons/2.1.0.RELEASE/spring-cloud-commons-2.1.0.RELEASE.jar
7ffab054d000-7ffab0569000 r--s 00136000 08:11 362294                     /media/eric/Data/mavenRepository/org/springframework/spring-web/5.1.5.RELEASE/spring-web-5.1.5.RELEASE.jar
7ffab0569000-7ffab056d000 r--s 00027000 08:11 362484                     /media/eric/Data/mavenRepository/commons-io/commons-io/2.2/commons-io-2.2.jar
7ffab056d000-7ffab0570000 r--s 0000f000 08:11 362457                     /media/eric/Data/mavenRepository/commons-fileupload/commons-fileupload/1.3.3/commons-fileupload-1.3.3.jar
7ffab0570000-7ffab0571000 r--s 00006000 08:11 362482                     /media/eric/Data/mavenRepository/io/github/openfeign/form/feign-form/3.5.0/feign-form-3.5.0.jar
7ffab0571000-7ffab0573000 r--s 00002000 08:11 362416                     /media/eric/Data/mavenRepository/io/github/openfeign/form/feign-form-spring/3.5.0/feign-form-spring-3.5.0.jar
7ffab0573000-7ffab0577000 r--s 00018000 08:11 362284                     /media/eric/Data/mavenRepository/org/springframework/cloud/spring-cloud-openfeign-core/2.1.0.RELEASE/spring-cloud-openfeign-core-2.1.0.RELEASE.jar
7ffab0577000-7ffab0578000 r--s 00000000 08:11 362279                     /media/eric/Data/mavenRepository/org/springframework/cloud/spring-cloud-starter-openfeign/2.1.0.RELEASE/spring-cloud-starter-openfeign-2.1.0.RELEASE.jar
7ffab0578000-7ffab057a000 r--s 00005000 08:11 362440                     /media/eric/Data/mavenRepository/xpp3/xpp3_min/1.1.4c/xpp3_min-1.1.4c.jar
7ffab057a000-7ffab057b000 r--s 00001000 08:11 362474                     /media/eric/Data/mavenRepository/xmlpull/xmlpull/1.1.3.1/xmlpull-1.1.3.1.jar
7ffab057b000-7ffab0589000 r--s 00082000 08:11 362446                     /media/eric/Data/mavenRepository/com/thoughtworks/xstream/xstream/1.4.10/xstream-1.4.10.jar
7ffab0589000-7ffab058b000 r--s 00003000 08:11 362390                     /media/eric/Data/mavenRepository/com/netflix/ribbon/ribbon-eureka/2.3.0/ribbon-eureka-2.3.0.jar
7ffab058b000-7ffab05a4000 r--s 00102000 08:11 362492                     /media/eric/Data/mavenRepository/io/reactivex/rxjava/1.3.8/rxjava-1.3.8.jar
7ffab05a4000-7ffab05a6000 r--s 00002000 08:11 362470                     /media/eric/Data/mavenRepository/com/netflix/netflix-commons/netflix-statistics/0.1.1/netflix-statistics-0.1.1.jar
7ffab05a6000-7ffab05aa000 r--s 00024000 08:11 174817                     /media/eric/Data/mavenRepository/com/netflix/ribbon/ribbon-loadbalancer/2.3.0/ribbon-loadbalancer-2.3.0.jar
7ffab05aa000-7ffab05ac000 r--s 00001000 08:11 362426                     /media/eric/Data/mavenRepository/com/netflix/netflix-commons/netflix-commons-util/0.3.0/netflix-commons-util-0.3.0.jar
7ffab05ac000-7ffab05b9000 r--s 00083000 08:11 362421                     /media/eric/Data/mavenRepository/commons-collections/commons-collections/3.2.2/commons-collections-3.2.2.jar
7ffab05b9000-7ffab05bb000 r--s 0000c000 08:11 362479                     /media/eric/Data/mavenRepository/com/netflix/ribbon/ribbon-httpclient/2.3.0/ribbon-httpclient-2.3.0.jar
7ffab05bb000-7ffab05bf000 r--s 00011000 08:11 362406                     /media/eric/Data/mavenRepository/com/netflix/ribbon/ribbon-core/2.3.0/ribbon-core-2.3.0.jar
7ffab05bf000-7ffab05c9000 r--s 00059000 08:11 362476                     /media/eric/Data/mavenRepository/io/reactivex/rxnetty/0.4.9/rxnetty-0.4.9.jar
7ffab05c9000-7ffab05cb000 r--s 00006000 08:11 362414                     /media/eric/Data/mavenRepository/io/reactivex/rxnetty-servo/0.4.9/rxnetty-servo-0.4.9.jar
7ffab05cb000-7ffab05ce000 r--s 0000b000 08:11 362459                     /media/eric/Data/mavenRepository/io/reactivex/rxnetty-contexts/0.4.9/rxnetty-contexts-0.4.9.jar
7ffab05ce000-7ffab05cf000 r--s 00009000 08:11 362448                     /media/eric/Data/mavenRepository/com/netflix/ribbon/ribbon-transport/2.3.0/ribbon-transport-2.3.0.jar
7ffab05cf000-7ffab05d3000 r--s 00012000 08:11 362398                     /media/eric/Data/mavenRepository/com/netflix/ribbon/ribbon/2.3.0/ribbon-2.3.0.jar
7ffab05d3000-7ffab05d4000 r--s 00000000 08:11 362229                     /media/eric/Data/mavenRepository/org/springframework/cloud/spring-cloud-starter-netflix-ribbon/2.1.0.RELEASE/spring-cloud-starter-netflix-ribbon-2.1.0.RELEASE.jar
7ffab05d4000-7ffab05d9000 r--s 00041000 08:11 362451                     /media/eric/Data/mavenRepository/commons-lang/commons-lang/2.6/commons-lang-2.6.jar
7ffab05d9000-7ffab05e0000 r--s 00050000 08:11 362435                     /media/eric/Data/mavenRepository/commons-configuration/commons-configuration/1.8/commons-configuration-1.8.jar
7ffab05e0000-7ffab05e1000 r--s 00003000 08:11 362264                     /media/eric/Data/mavenRepository/org/springframework/cloud/spring-cloud-netflix-archaius/2.1.0.RELEASE/spring-cloud-netflix-archaius-2.1.0.RELEASE.jar
7ffab05e1000-7ffab05e5000 r--s 00017000 08:11 362174                     /media/eric/Data/mavenRepository/org/springframework/cloud/spring-cloud-netflix-ribbon/2.1.0.RELEASE/spring-cloud-netflix-ribbon-2.1.0.RELEASE.jar
7ffab05e5000-7ffab05e6000 r--s 00000000 08:11 362258                     /media/eric/Data/mavenRepository/org/springframework/cloud/spring-cloud-starter-netflix-archaius/2.1.0.RELEASE/spring-cloud-starter-netflix-archaius-2.1.0.RELEASE.jar
7ffab05e6000-7ffab05ea000 r--s 00024000 08:11 362436                     /media/eric/Data/mavenRepository/org/codehaus/woodstox/stax2-api/3.1.4/stax2-api-3.1.4.jar
7ffab05ea000-7ffab05ec000 r--s 00004000 08:11 362415                     /media/eric/Data/mavenRepository/javax/xml/stream/stax-api/1.0-2/stax-api-1.0-2.jar
7ffab05ec000-7ffab05f2000 r--s 00071000 08:11 362404                     /media/eric/Data/mavenRepository/org/codehaus/woodstox/woodstox-core-asl/4.4.1/woodstox-core-asl-4.4.1.jar
7ffab05f2000-7ffab05f7000 r--s 0003a000 08:11 362433                     /media/eric/Data/mavenRepository/com/netflix/eureka/eureka-core/1.9.8/eureka-core-1.9.8.jar
7ffab05f7000-7ffab0609000 r--s 00137000 08:11 362511                     /media/eric/Data/mavenRepository/com/fasterxml/jackson/core/jackson-databind/2.9.8/jackson-databind-2.9.8.jar
7ffab0609000-7ffab060d000 r--s 0004c000 08:11 362503                     /media/eric/Data/mavenRepository/com/fasterxml/jackson/core/jackson-core/2.9.8/jackson-core-2.9.8.jar
7ffab060d000-7ffab0610000 r--s 0000e000 08:11 362501                     /media/eric/Data/mavenRepository/com/fasterxml/jackson/core/jackson-annotations/2.9.0/jackson-annotations-2.9.0.jar
7ffab0610000-7ffab0615000 r--s 00024000 08:11 362429                     /media/eric/Data/mavenRepository/com/github/andrewoma/dexx/dexx-collections/0.2/dexx-collections-0.2.jar
7ffab0615000-7ffab0616000 r--s 00004000 08:11 362385                     /media/eric/Data/mavenRepository/com/github/vlsi/compactmap/compactmap/1.2.1/compactmap-1.2.1.jar
7ffab0616000-7ffab0618000 r--s 00000000 08:11 362423                     /media/eric/Data/mavenRepository/aopalliance/aopalliance/1.0/aopalliance-1.0.jar
7ffab0618000-7ffab0619000 r--s 00000000 08:11 174816                     /media/eric/Data/mavenRepository/javax/inject/javax.inject/1/javax.inject-1.jar
7ffab0619000-7ffab0627000 r--s 00097000 08:11 362427                     /media/eric/Data/mavenRepository/com/google/inject/guice/4.1.0/guice-4.1.0.jar
7ffab0627000-7ffab062e000 r--s 0004b000 08:11 362417                     /media/eric/Data/mavenRepository/commons-codec/commons-codec/1.11/commons-codec-1.11.jar
7ffab062e000-7ffab0635000 r--s 00049000 08:11 362397                     /media/eric/Data/mavenRepository/org/apache/httpcomponents/httpcore/4.4.11/httpcore-4.4.11.jar
7ffab0635000-7ffab0642000 r--s 000af000 08:11 362453                     /media/eric/Data/mavenRepository/org/apache/httpcomponents/httpclient/4.5.7/httpclient-4.5.7.jar
7ffab0642000-7ffab0644000 r--s 00003000 08:11 362475                     /media/eric/Data/mavenRepository/com/sun/jersey/contribs/jersey-apache-client4/1.19.1/jersey-apache-client4-1.19.1.jar
7ffab0644000-7ffab0647000 r--s 0001e000 08:11 362458                     /media/eric/Data/mavenRepository/com/sun/jersey/jersey-client/1.19.1/jersey-client-1.19.1.jar
7ffab0647000-7ffab0651000 r--s 00061000 08:11 362411                     /media/eric/Data/mavenRepository/com/sun/jersey/jersey-core/1.19.1/jersey-core-1.19.1.jar
7ffab0651000-7ffab0656000 r--s 00033000 08:11 362467                     /media/eric/Data/mavenRepository/com/netflix/servo/servo-core/0.12.21/servo-core-0.12.21.jar
7ffab0656000-7ffab0658000 r--s 0000a000 08:11 362359                     /media/eric/Data/mavenRepository/javax/ws/rs/jsr311-api/1.1.1/jsr311-api-1.1.1.jar
7ffab0658000-7ffab0683000 r--s 001f5000 08:11 362413                     /media/eric/Data/mavenRepository/com/google/guava/guava/16.0/guava-16.0.jar
7ffab0683000-7ffab0687000 r--s 0001f000 08:11 362466                     /media/eric/Data/mavenRepository/com/netflix/archaius/archaius-core/0.7.6/archaius-core-0.7.6.jar
7ffab0687000-7ffab069a000 r--s 000df000 08:11 362384                     /media/eric/Data/mavenRepository/org/apache/commons/commons-math/2.2/commons-math-2.2.jar
7ffab069a000-7ffab069f000 r--s 00036000 08:11 362302                     /media/eric/Data/mavenRepository/com/google/code/gson/gson/2.8.5/gson-2.8.5.jar
7ffab069f000-7ffab06a2000 r--s 00022000 08:11 362370                     /media/eric/Data/mavenRepository/org/antlr/stringtemplate/3.2.1/stringtemplate-3.2.1.jar
7ffab06a2000-7ffab06a6000 r--s 00025000 08:11 362382                     /media/eric/Data/mavenRepository/org/antlr/antlr-runtime/3.4/antlr-runtime-3.4.jar
7ffab06a6000-7ffab06b7000 r--s 0008c000 08:11 362373                     /media/eric/Data/mavenRepository/joda-time/joda-time/2.10.1/joda-time-2.10.1.jar
7ffab06b7000-7ffab06bd000 r--s 00044000 08:11 362346                     /media/eric/Data/mavenRepository/commons-jxpath/commons-jxpath/1.3/commons-jxpath-1.3.jar
7ffab06bd000-7ffab06c0000 r--s 00016000 08:11 362375                     /media/eric/Data/mavenRepository/com/netflix/netflix-commons/netflix-infix/0.3.0/netflix-infix-0.3.0.jar
7ffab06c0000-7ffab06c2000 r--s 0000f000 08:11 362377                     /media/eric/Data/mavenRepository/com/netflix/netflix-commons/netflix-eventbus/0.3.0/netflix-eventbus-0.3.0.jar
7ffab06c2000-7ffab06c4000 r--s 00005000 08:11 362371                     /media/eric/Data/mavenRepository/stax/stax-api/1.0.1/stax-api-1.0.1.jar
7ffab06c4000-7ffab06c7000 r--s 00012000 08:11 362368                     /media/eric/Data/mavenRepository/org/codehaus/jettison/jettison/1.3.7/jettison-1.3.7.jar
7ffab06c7000-7ffab06d1000 r--s 00062000 08:11 362400                     /media/eric/Data/mavenRepository/com/netflix/eureka/eureka-client/1.9.8/eureka-client-1.9.8.jar
7ffab06d1000-7ffab06d5000 r--s 00015000 08:11 362270                     /media/eric/Data/mavenRepository/org/springframework/cloud/spring-cloud-netflix-eureka-client/2.1.0.RELEASE/spring-cloud-netflix-eureka-client-2.1.0.RELEASE.jar
7ffab06d5000-7ffab06d7000 r--s 00005000 08:11 362219                     /media/eric/Data/mavenRepository/org/springframework/cloud/spring-cloud-netflix-hystrix/2.1.0.RELEASE/spring-cloud-netflix-hystrix-2.1.0.RELEASE.jar
7ffab06d7000-7ffab072f000 r--s 003a7000 08:11 362367                     /media/eric/Data/mavenRepository/org/bouncycastle/bcprov-jdk15on/1.60/bcprov-jdk15on-1.60.jar
7ffab072f000-7ffab0742000 r--s 000b0000 08:11 362357                     /media/eric/Data/mavenRepository/org/bouncycastle/bcpkix-jdk15on/1.60/bcpkix-jdk15on-1.60.jar
7ffab0742000-7ffab0743000 r--s 00004000 08:11 362247                     /media/eric/Data/mavenRepository/org/springframework/security/spring-security-rsa/1.0.7.RELEASE/spring-security-rsa-1.0.7.RELEASE.jar
7ffab0743000-7ffab0747000 r--s 00018000 08:11 362221                     /media/eric/Data/mavenRepository/org/springframework/cloud/spring-cloud-context/2.1.0.RELEASE/spring-cloud-context-2.1.0.RELEASE.jar
7ffab0747000-7ffab0748000 r--s 00000000 08:11 362281                     /media/eric/Data/mavenRepository/org/springframework/cloud/spring-cloud-starter/2.1.0.RELEASE/spring-cloud-starter-2.1.0.RELEASE.jar
7ffab0748000-7ffab0749000 r--s 00000000 08:11 362252                     /media/eric/Data/mavenRepository/org/springframework/cloud/spring-cloud-starter-netflix-eureka-client/2.1.0.RELEASE/spring-cloud-starter-netflix-eureka-client-2.1.0.RELEASE.jar
7ffab0749000-7ffab0752000 r--s 0005d000 08:11 362240                     /media/eric/Data/mavenRepository/org/springframework/spring-websocket/5.1.5.RELEASE/spring-websocket-5.1.5.RELEASE.jar
7ffab0752000-7ffab075a000 r--s 00056000 08:11 362228                     /media/eric/Data/mavenRepository/org/springframework/spring-messaging/5.1.5.RELEASE/spring-messaging-5.1.5.RELEASE.jar
7ffab075a000-7ffab075b000 r--s 00000000 08:11 362175                     /media/eric/Data/mavenRepository/org/springframework/boot/spring-boot-starter-websocket/2.1.3.RELEASE/spring-boot-starter-websocket-2.1.3.RELEASE.jar
7ffab075b000-7ffab075c000 r--s 00000000 08:11 362352                     /media/eric/Data/mavenRepository/org/reactivestreams/reactive-streams/1.0.2/reactive-streams-1.0.2.jar
7ffab075c000-7ffab0771000 r--s 00152000 08:11 362365                     /media/eric/Data/mavenRepository/io/projectreactor/reactor-core/3.2.6.RELEASE/reactor-core-3.2.6.RELEASE.jar
7ffab0771000-7ffab0773000 r--s 00007000 08:11 362342                     /media/eric/Data/mavenRepository/io/netty/netty-resolver/4.1.33.Final/netty-resolver-4.1.33.Final.jar
7ffab0773000-7ffab077d000 r--s 00068000 08:11 362328                     /media/eric/Data/mavenRepository/io/netty/netty-transport/4.1.33.Final/netty-transport-4.1.33.Final.jar
7ffab077d000-7ffab0783000 r--s 00048000 08:11 362361                     /media/eric/Data/mavenRepository/io/netty/netty-codec/4.1.33.Final/netty-codec-4.1.33.Final.jar
7ffab0783000-7ffab0787000 r--s 00041000 08:11 362363                     /media/eric/Data/mavenRepository/io/netty/netty-buffer/4.1.33.Final/netty-buffer-4.1.33.Final.jar
7ffab0787000-7ffab078f000 r--s 0005f000 08:11 362347                     /media/eric/Data/mavenRepository/io/netty/netty-handler/4.1.33.Final/netty-handler-4.1.33.Final.jar
7ffab078f000-7ffab079c000 r--s 00083000 08:11 362353                     /media/eric/Data/mavenRepository/io/netty/netty-common/4.1.33.Final/netty-common-4.1.33.Final.jar
7ffab079c000-7ffab07b5000 r--s 00131000 08:11 362348                     /media/eric/Data/mavenRepository/io/lettuce/lettuce-core/5.1.4.RELEASE/lettuce-core-5.1.4.RELEASE.jar
7ffab07b5000-7ffab07b7000 r--s 00010000 08:11 362211                     /media/eric/Data/mavenRepository/org/springframework/spring-oxm/5.1.5.RELEASE/spring-oxm-5.1.5.RELEASE.jar
7ffab07b7000-7ffab07bb000 r--s 00016000 08:11 362225                     /media/eric/Data/mavenRepository/org/springframework/data/spring-data-keyvalue/2.1.5.RELEASE/spring-data-keyvalue-2.1.5.RELEASE.jar
7ffab07bb000-7ffab07d6000 r--s 00145000 08:11 362184                     /media/eric/Data/mavenRepository/org/springframework/data/spring-data-redis/2.1.5.RELEASE/spring-data-redis-2.1.5.RELEASE.jar
7ffab07d6000-7ffab07d7000 r--s 00000000 08:11 362234                     /media/eric/Data/mavenRepository/org/springframework/boot/spring-boot-starter-data-redis/2.1.3.RELEASE/spring-boot-starter-data-redis-2.1.3.RELEASE.jar
7ffab07d7000-7ffab07d9000 r--s 0000e000 08:11 362600                     /media/eric/Data/mavenRepository/javax/activation/activation/1.1/activation-1.1.jar
7ffab07d9000-7ffab07e1000 r--s 00099000 08:11 362603                     /media/eric/Data/mavenRepository/com/sun/mail/javax.mail/1.6.2/javax.mail-1.6.2.jar
7ffab07e1000-7ffab07e6000 r--s 00028000 08:11 362180                     /media/eric/Data/mavenRepository/org/springframework/spring-context-support/5.1.5.RELEASE/spring-context-support-5.1.5.RELEASE.jar
7ffab07e6000-7ffab07e7000 r--s 00000000 08:11 362608                     /media/eric/Data/mavenRepository/org/springframework/boot/spring-boot-starter-mail/2.1.3.RELEASE/spring-boot-starter-mail-2.1.3.RELEASE.jar
7ffab07e7000-7ffab07ec000 r--s 00040000 08:11 362292                     /media/eric/Data/mavenRepository/org/springframework/spring-expression/5.1.5.RELEASE/spring-expression-5.1.5.RELEASE.jar
7ffab07ec000-7ffab07fb000 r--s 00075000 08:11 362604                     /media/eric/Data/mavenRepository/org/springframework/security/spring-security-web/5.1.4.RELEASE/spring-security-web-5.1.4.RELEASE.jar
7ffab07fb000-7ffab0807000 r--s 0005e000 08:11 362605                     /media/eric/Data/mavenRepository/org/springframework/security/spring-security-core/5.1.4.RELEASE/spring-security-core-5.1.4.RELEASE.jar
7ffab0807000-7ffab0814000 r--s 000b2000 08:11 362599                     /media/eric/Data/mavenRepository/org/springframework/security/spring-security-config/5.1.4.RELEASE/spring-security-config-5.1.4.RELEASE.jar
7ffab0814000-7ffab081e000 r--s 00051000 08:11 361612                     /media/eric/Data/mavenRepository/org/springframework/spring-aop/5.1.5.RELEASE/spring-aop-5.1.5.RELEASE.jar
7ffab081e000-7ffab0825000 r--s 00043000 08:11 362336                     /media/eric/Data/mavenRepository/org/yaml/snakeyaml/1.23/snakeyaml-1.23.jar
7ffab0825000-7ffab0827000 r--s 00005000 08:11 362401                     /media/eric/Data/mavenRepository/javax/annotation/javax.annotation-api/1.3.2/javax.annotation-api-1.3.2.jar
7ffab0827000-7ffab0829000 r--s 00000000 08:11 362327                     /media/eric/Data/mavenRepository/org/slf4j/jul-to-slf4j/1.7.25/jul-to-slf4j-1.7.25.jar
7ffab0829000-7ffab082f000 r--s 0003c000 08:11 362332                     /media/eric/Data/mavenRepository/org/apache/logging/log4j/log4j-api/2.11.2/log4j-api-2.11.2.jar
7ffab082f000-7ffab0831000 r--s 00003000 08:11 362306                     /media/eric/Data/mavenRepository/org/apache/logging/log4j/log4j-to-slf4j/2.11.2/log4j-to-slf4j-2.11.2.jar
7ffab0831000-7ffab083c000 r--s 00069000 08:11 362326                     /media/eric/Data/mavenRepository/ch/qos/logback/logback-core/1.2.3/logback-core-1.2.3.jar
7ffab083c000-7ffab0842000 r--s 00041000 08:11 362307                     /media/eric/Data/mavenRepository/ch/qos/logback/logback-classic/1.2.3/logback-classic-1.2.3.jar
7ffab0842000-7ffab0843000 r--s 00000000 08:11 362210                     /media/eric/Data/mavenRepository/org/springframework/boot/spring-boot-starter-logging/2.1.3.RELEASE/spring-boot-starter-logging-2.1.3.RELEASE.jar
7ffab0843000-7ffab0844000 r--s 00000000 08:11 362204                     /media/eric/Data/mavenRepository/org/springframework/boot/spring-boot-starter/2.1.3.RELEASE/spring-boot-starter-2.1.3.RELEASE.jar
7ffab0844000-7ffab085c000 r--s 001f2000 08:11 362244                     /media/eric/Data/mavenRepository/mysql/mysql-connector-java/8.0.15/mysql-connector-java-8.0.15.jar
7ffab085c000-7ffab085e000 r--s 0000a000 08:11 362205                     /media/eric/Data/mavenRepository/org/springframework/spring-aspects/5.1.5.RELEASE/spring-aspects-5.1.5.RELEASE.jar
7ffab085e000-7ffab0860000 r--s 00009000 08:11 362524                     /media/eric/Data/mavenRepository/org/slf4j/slf4j-api/1.7.25/slf4j-api-1.7.25.jar
7ffab0860000-7ffab086d000 r--s 00098000 08:11 362230                     /media/eric/Data/mavenRepository/org/springframework/spring-beans/5.1.5.RELEASE/spring-beans-5.1.5.RELEASE.jar
7ffab086d000-7ffab0875000 r--s 00037000 08:11 362215                     /media/eric/Data/mavenRepository/org/springframework/spring-tx/5.1.5.RELEASE/spring-tx-5.1.5.RELEASE.jar
7ffab0875000-7ffab088f000 r--s 000f3000 08:11 362299                     /media/eric/Data/mavenRepository/org/springframework/spring-context/5.1.5.RELEASE/spring-context-5.1.5.RELEASE.jar
7ffab088f000-7ffab0893000 r--s 0002d000 08:11 362193                     /media/eric/Data/mavenRepository/org/springframework/spring-orm/5.1.5.RELEASE/spring-orm-5.1.5.RELEASE.jar
7ffab0893000-7ffab08ab000 r--s 00105000 08:11 362227                     /media/eric/Data/mavenRepository/org/springframework/data/spring-data-commons/2.1.5.RELEASE/spring-data-commons-2.1.5.RELEASE.jar
7ffab08ab000-7ffab08b2000 r--s 0004e000 08:11 362198                     /media/eric/Data/mavenRepository/org/springframework/data/spring-data-jpa/2.1.5.RELEASE/spring-data-jpa-2.1.5.RELEASE.jar
7ffab08b2000-7ffab08b5000 r--s 00010000 08:11 362320                     /media/eric/Data/mavenRepository/org/hibernate/common/hibernate-commons-annotations/5.0.4.Final/hibernate-commons-annotations-5.0.4.Final.jar
7ffab08b5000-7ffab08ba000 r--s 0004b000 08:11 362238                     /media/eric/Data/mavenRepository/org/dom4j/dom4j/2.1.1/dom4j-2.1.1.jar
7ffab08ba000-7ffab08bc000 r--s 0000f000 08:11 362523                     /media/eric/Data/mavenRepository/com/fasterxml/classmate/1.4.0/classmate-1.4.0.jar
7ffab08bc000-7ffab08bf000 r--s 0002b000 08:11 362310                     /media/eric/Data/mavenRepository/org/jboss/jandex/2.0.5.Final/jandex-2.0.5.Final.jar
7ffab08bf000-7ffab08c4000 r--s 00068000 08:11 362387                     /media/eric/Data/mavenRepository/antlr/antlr/2.7.7/antlr-2.7.7.jar
7ffab08c4000-7ffab090b000 r--s 002d9000 08:11 362537                     /media/eric/Data/mavenRepository/net/bytebuddy/byte-buddy/1.9.10/byte-buddy-1.9.10.jar
7ffab090b000-7ffab0916000 r--s 000b2000 08:11 362313                     /media/eric/Data/mavenRepository/org/javassist/javassist/3.23.1-GA/javassist-3.23.1-GA.jar
7ffab0916000-7ffab091c000 r--s 00023000 08:11 362308                     /media/eric/Data/mavenRepository/javax/persistence/javax.persistence-api/2.2/javax.persistence-api-2.2.jar
7ffab091c000-7ffab099f000 r--s 00624000 08:11 362290                     /media/eric/Data/mavenRepository/org/hibernate/hibernate-core/5.3.7.Final/hibernate-core-5.3.7.Final.jar
7ffab099f000-7ffab09a3000 r--s 0001c000 08:11 362213                     /media/eric/Data/mavenRepository/javax/xml/bind/jaxb-api/2.3.1/jaxb-api-2.3.1.jar
7ffab09a3000-7ffab09ac000 r--s 0005a000 08:11 362187                     /media/eric/Data/mavenRepository/org/springframework/spring-jdbc/5.1.5.RELEASE/spring-jdbc-5.1.5.RELEASE.jar
7ffab09ac000-7ffab09af000 ---p 00000000 00:00 0 
7ffab09af000-7ffab0aad000 rw-p 00000000 00:00 0 
7ffab0aad000-7ffab0dfe000 r--p 00000000 08:03 2757265                    /usr/lib/locale/locale-archive
7ffab0dfe000-7ffab0e01000 ---p 00000000 00:00 0 
7ffab0e01000-7ffab0eff000 rw-p 00000000 00:00 0 
7ffab0eff000-7ffab0f02000 ---p 00000000 00:00 0 
7ffab0f02000-7ffab1000000 rw-p 00000000 00:00 0 
7ffab1000000-7ffab1b90000 rwxp 00000000 00:00 0 
7ffab1b90000-7ffac0000000 ---p 00000000 00:00 0 
7ffac0000000-7ffac108b000 rw-p 00000000 00:00 0 
7ffac108b000-7ffac4000000 ---p 00000000 00:00 0 
7ffac4000000-7ffac4002000 r--s 0000f000 08:11 362513                     /media/eric/Data/mavenRepository/org/jboss/logging/jboss-logging/3.3.2.Final/jboss-logging-3.3.2.Final.jar
7ffac4002000-7ffac401b000 r--s 001de000 08:11 362285                     /media/eric/Data/mavenRepository/org/aspectj/aspectjweaver/1.9.2/aspectjweaver-1.9.2.jar
7ffac401b000-7ffac402e000 r--s 00345000 08:03 2359590                    /opt/jdk1.8/jdk1.8.0_202/jre/lib/resources.jar
7ffac402e000-7ffac4041000 r--s 000d6000 08:03 2359494                    /opt/jdk1.8/jdk1.8.0_202/jre/lib/plugin.jar
7ffac4041000-7ffac405c000 r--s 0020c000 08:03 2359470                    /opt/jdk1.8/jdk1.8.0_202/jre/lib/deploy.jar
7ffac405c000-7ffac405d000 ---p 00000000 00:00 0 
7ffac405d000-7ffac4a66000 rw-p 00000000 00:00 0 
7ffac4a66000-7ffac4c40000 r--s 03d6a000 08:03 2359552                    /opt/jdk1.8/jdk1.8.0_202/jre/lib/rt.jar
7ffac4c40000-7ffac5790000 rw-p 00000000 00:00 0 
7ffac5790000-7ffac5791000 ---p 00000000 00:00 0 
7ffac5791000-7ffac5891000 rw-p 00000000 00:00 0 
7ffac5891000-7ffac5892000 ---p 00000000 00:00 0 
7ffac5892000-7ffac59bf000 rw-p 00000000 00:00 0 
7ffac59bf000-7ffac5b79000 ---p 00000000 00:00 0 
7ffac5b79000-7ffac5ba6000 rw-p 00000000 00:00 0 
7ffac5ba6000-7ffac5d5f000 ---p 00000000 00:00 0 
7ffac5d5f000-7ffac5e53000 rw-p 00000000 00:00 0 
7ffac5e53000-7ffac5e83000 rw-p 00000000 00:00 0 
7ffac5e83000-7ffac6214000 ---p 00000000 00:00 0 
7ffac6214000-7ffac622f000 r-xp 00000000 08:03 2359767                    /opt/jdk1.8/jdk1.8.0_202/jre/lib/amd64/libzip.so
7ffac622f000-7ffac642e000 ---p 0001b000 08:03 2359767                    /opt/jdk1.8/jdk1.8.0_202/jre/lib/amd64/libzip.so
7ffac642e000-7ffac642f000 r--p 0001a000 08:03 2359767                    /opt/jdk1.8/jdk1.8.0_202/jre/lib/amd64/libzip.so
7ffac642f000-7ffac6430000 rw-p 0001b000 08:03 2359767                    /opt/jdk1.8/jdk1.8.0_202/jre/lib/amd64/libzip.so
7ffac6430000-7ffac643b000 r-xp 00000000 08:03 4457215                    /lib/x86_64-linux-gnu/libnss_files-2.27.so
7ffac643b000-7ffac663a000 ---p 0000b000 08:03 4457215                    /lib/x86_64-linux-gnu/libnss_files-2.27.so
7ffac663a000-7ffac663b000 r--p 0000a000 08:03 4457215                    /lib/x86_64-linux-gnu/libnss_files-2.27.so
7ffac663b000-7ffac663c000 rw-p 0000b000 08:03 4457215                    /lib/x86_64-linux-gnu/libnss_files-2.27.so
7ffac663c000-7ffac6642000 rw-p 00000000 00:00 0 
7ffac6642000-7ffac6657000 r-xp 00000000 08:03 4457209                    /lib/x86_64-linux-gnu/libnsl-2.27.so
7ffac6657000-7ffac6856000 ---p 00015000 08:03 4457209                    /lib/x86_64-linux-gnu/libnsl-2.27.so
7ffac6856000-7ffac6857000 r--p 00014000 08:03 4457209                    /lib/x86_64-linux-gnu/libnsl-2.27.so
7ffac6857000-7ffac6858000 rw-p 00015000 08:03 4457209                    /lib/x86_64-linux-gnu/libnsl-2.27.so
7ffac6858000-7ffac685a000 rw-p 00000000 00:00 0 
7ffac685a000-7ffac6865000 r-xp 00000000 08:03 4457219                    /lib/x86_64-linux-gnu/libnss_nis-2.27.so
7ffac6865000-7ffac6a64000 ---p 0000b000 08:03 4457219                    /lib/x86_64-linux-gnu/libnss_nis-2.27.so
7ffac6a64000-7ffac6a65000 r--p 0000a000 08:03 4457219                    /lib/x86_64-linux-gnu/libnss_nis-2.27.so
7ffac6a65000-7ffac6a66000 rw-p 0000b000 08:03 4457219                    /lib/x86_64-linux-gnu/libnss_nis-2.27.so
7ffac6a66000-7ffac6a6d000 r-xp 00000000 08:03 4457211                    /lib/x86_64-linux-gnu/libnss_compat-2.27.so
7ffac6a6d000-7ffac6c6c000 ---p 00007000 08:03 4457211                    /lib/x86_64-linux-gnu/libnss_compat-2.27.so
7ffac6c6c000-7ffac6c6d000 r--p 00006000 08:03 4457211                    /lib/x86_64-linux-gnu/libnss_compat-2.27.so
7ffac6c6d000-7ffac6c6e000 rw-p 00007000 08:03 4457211                    /lib/x86_64-linux-gnu/libnss_compat-2.27.so
7ffac6c6e000-7ffac6c78000 r-xp 00000000 08:03 2359776                    /opt/jdk1.8/jdk1.8.0_202/jre/lib/amd64/libinstrument.so
7ffac6c78000-7ffac6e77000 ---p 0000a000 08:03 2359776                    /opt/jdk1.8/jdk1.8.0_202/jre/lib/amd64/libinstrument.so
7ffac6e77000-7ffac6e78000 r--p 00009000 08:03 2359776                    /opt/jdk1.8/jdk1.8.0_202/jre/lib/amd64/libinstrument.so
7ffac6e78000-7ffac6e79000 rw-p 0000a000 08:03 2359776                    /opt/jdk1.8/jdk1.8.0_202/jre/lib/amd64/libinstrument.so
7ffac6e79000-7ffac6ea5000 r-xp 00000000 08:03 2359761                    /opt/jdk1.8/jdk1.8.0_202/jre/lib/amd64/libjava.so
7ffac6ea5000-7ffac70a4000 ---p 0002c000 08:03 2359761                    /opt/jdk1.8/jdk1.8.0_202/jre/lib/amd64/libjava.so
7ffac70a4000-7ffac70a5000 r--p 0002b000 08:03 2359761                    /opt/jdk1.8/jdk1.8.0_202/jre/lib/amd64/libjava.so
7ffac70a5000-7ffac70a7000 rw-p 0002c000 08:03 2359761                    /opt/jdk1.8/jdk1.8.0_202/jre/lib/amd64/libjava.so
7ffac70a7000-7ffac70b4000 r-xp 00000000 08:03 2359766                    /opt/jdk1.8/jdk1.8.0_202/jre/lib/amd64/libverify.so
7ffac70b4000-7ffac72b3000 ---p 0000d000 08:03 2359766                    /opt/jdk1.8/jdk1.8.0_202/jre/lib/amd64/libverify.so
7ffac72b3000-7ffac72b5000 r--p 0000c000 08:03 2359766                    /opt/jdk1.8/jdk1.8.0_202/jre/lib/amd64/libverify.so
7ffac72b5000-7ffac72b6000 rw-p 0000e000 08:03 2359766                    /opt/jdk1.8/jdk1.8.0_202/jre/lib/amd64/libverify.so
7ffac72b6000-7ffac72bd000 r-xp 00000000 08:03 4457264                    /lib/x86_64-linux-gnu/librt-2.27.so
7ffac72bd000-7ffac74bc000 ---p 00007000 08:03 4457264                    /lib/x86_64-linux-gnu/librt-2.27.so
7ffac74bc000-7ffac74bd000 r--p 00006000 08:03 4457264                    /lib/x86_64-linux-gnu/librt-2.27.so
7ffac74bd000-7ffac74be000 rw-p 00007000 08:03 4457264                    /lib/x86_64-linux-gnu/librt-2.27.so
7ffac74be000-7ffac7650000 r-xp 00000000 08:03 4457192                    /lib/x86_64-linux-gnu/libm-2.27.so
7ffac7650000-7ffac784f000 ---p 00192000 08:03 4457192                    /lib/x86_64-linux-gnu/libm-2.27.so
7ffac784f000-7ffac7850000 r--p 00191000 08:03 4457192                    /lib/x86_64-linux-gnu/libm-2.27.so
7ffac7850000-7ffac7851000 rw-p 00192000 08:03 4457192                    /lib/x86_64-linux-gnu/libm-2.27.so
7ffac7851000-7ffac8539000 r-xp 00000000 08:03 2359742                    /opt/jdk1.8/jdk1.8.0_202/jre/lib/amd64/server/libjvm.so
7ffac8539000-7ffac8738000 ---p 00ce8000 08:03 2359742                    /opt/jdk1.8/jdk1.8.0_202/jre/lib/amd64/server/libjvm.so
7ffac8738000-7ffac87ce000 r--p 00ce7000 08:03 2359742                    /opt/jdk1.8/jdk1.8.0_202/jre/lib/amd64/server/libjvm.so
7ffac87ce000-7ffac87ff000 rw-p 00d7d000 08:03 2359742                    /opt/jdk1.8/jdk1.8.0_202/jre/lib/amd64/server/libjvm.so
7ffac87ff000-7ffac883a000 rw-p 00000000 00:00 0 
7ffac883a000-7ffac89eb000 r-xp 00000000 08:03 4457123                    /lib/x86_64-linux-gnu/libc-2.27.so
7ffac89eb000-7ffac8bea000 ---p 001b1000 08:03 4457123                    /lib/x86_64-linux-gnu/libc-2.27.so
7ffac8bea000-7ffac8bee000 r--p 001b0000 08:03 4457123                    /lib/x86_64-linux-gnu/libc-2.27.so
7ffac8bee000-7ffac8bf0000 rw-p 001b4000 08:03 4457123                    /lib/x86_64-linux-gnu/libc-2.27.so
7ffac8bf0000-7ffac8bf4000 rw-p 00000000 00:00 0 
7ffac8bf4000-7ffac8bf7000 r-xp 00000000 08:03 4457148                    /lib/x86_64-linux-gnu/libdl-2.27.so
7ffac8bf7000-7ffac8df6000 ---p 00003000 08:03 4457148                    /lib/x86_64-linux-gnu/libdl-2.27.so
7ffac8df6000-7ffac8df7000 r--p 00002000 08:03 4457148                    /lib/x86_64-linux-gnu/libdl-2.27.so
7ffac8df7000-7ffac8df8000 rw-p 00003000 08:03 4457148                    /lib/x86_64-linux-gnu/libdl-2.27.so
7ffac8df8000-7ffac8e0f000 r-xp 00000000 08:03 1840932                    /opt/jdk1.8/jdk1.8.0_202/lib/amd64/jli/libjli.so
7ffac8e0f000-7ffac900e000 ---p 00017000 08:03 1840932                    /opt/jdk1.8/jdk1.8.0_202/lib/amd64/jli/libjli.so
7ffac900e000-7ffac900f000 r--p 00016000 08:03 1840932                    /opt/jdk1.8/jdk1.8.0_202/lib/amd64/jli/libjli.so
7ffac900f000-7ffac9010000 rw-p 00017000 08:03 1840932                    /opt/jdk1.8/jdk1.8.0_202/lib/amd64/jli/libjli.so
7ffac9010000-7ffac9029000 r-xp 00000000 08:03 4457254                    /lib/x86_64-linux-gnu/libpthread-2.27.so
7ffac9029000-7ffac9228000 ---p 00019000 08:03 4457254                    /lib/x86_64-linux-gnu/libpthread-2.27.so
7ffac9228000-7ffac9229000 r--p 00018000 08:03 4457254                    /lib/x86_64-linux-gnu/libpthread-2.27.so
7ffac9229000-7ffac922a000 rw-p 00019000 08:03 4457254                    /lib/x86_64-linux-gnu/libpthread-2.27.so
7ffac922a000-7ffac922e000 rw-p 00000000 00:00 0 
7ffac922e000-7ffac9253000 r-xp 00000000 08:03 4457095                    /lib/x86_64-linux-gnu/ld-2.27.so
7ffac9253000-7ffac9254000 r--s 00000000 08:11 362601                     /media/eric/Data/mavenRepository/org/springframework/boot/spring-boot-starter-security/2.1.3.RELEASE/spring-boot-starter-security-2.1.3.RELEASE.jar
7ffac9254000-7ffac9256000 r--s 0000c000 08:11 362305                     /media/eric/Data/mavenRepository/javax/activation/javax.activation-api/1.2.0/javax.activation-api-1.2.0.jar
7ffac9256000-7ffac9257000 r--s 00006000 08:11 362296                     /media/eric/Data/mavenRepository/javax/transaction/javax.transaction-api/1.3/javax.transaction-api-1.3.jar
7ffac9257000-7ffac925b000 r--s 00020000 08:11 362303                     /media/eric/Data/mavenRepository/com/zaxxer/HikariCP/3.2.0/HikariCP-3.2.0.jar
7ffac925b000-7ffac925c000 r--s 00000000 08:11 362191                     /media/eric/Data/mavenRepository/org/springframework/boot/spring-boot-starter-jdbc/2.1.3.RELEASE/spring-boot-starter-jdbc-2.1.3.RELEASE.jar
7ffac925c000-7ffac925d000 r--s 00000000 08:11 362196                     /media/eric/Data/mavenRepository/org/springframework/boot/spring-boot-starter-aop/2.1.3.RELEASE/spring-boot-starter-aop-2.1.3.RELEASE.jar
7ffac925d000-7ffac925e000 r--s 00000000 08:11 362173                     /media/eric/Data/mavenRepository/org/springframework/boot/spring-boot-starter-data-jpa/2.1.3.RELEASE/spring-boot-starter-data-jpa-2.1.3.RELEASE.jar
7ffac925e000-7ffac925f000 r--s 00000000 08:03 2359476                    /opt/jdk1.8/jdk1.8.0_202/jre/lib/management-agent.jar
7ffac925f000-7ffac9263000 r--s 000a1000 08:03 2359609                    /opt/jdk1.8/jdk1.8.0_202/jre/lib/jsse.jar
7ffac9263000-7ffac9268000 r--s 00084000 08:03 2359469                    /opt/jdk1.8/jdk1.8.0_202/jre/lib/jfr.jar
7ffac9268000-7ffac932f000 rw-p 00000000 00:00 0 
7ffac932f000-7ffac9330000 ---p 00000000 00:00 0 
7ffac9330000-7ffac9333000 ---p 00000000 00:00 0 
7ffac9333000-7ffac9434000 rw-p 00000000 00:00 0 
7ffac9434000-7ffac9436000 r--s 00007000 08:03 2359788                    /opt/jdk1.8/jdk1.8.0_202/jre/lib/jfxswt.jar
7ffac9436000-7ffac9439000 r--s 0001a000 08:03 2359786                    /opt/jdk1.8/jdk1.8.0_202/jre/lib/jce.jar
7ffac9439000-7ffac9443000 r--s 0006e000 08:03 2359479                    /opt/jdk1.8/jdk1.8.0_202/jre/lib/javaws.jar
7ffac9443000-7ffac9448000 r--s 002f9000 08:03 2359550                    /opt/jdk1.8/jdk1.8.0_202/jre/lib/charsets.jar
7ffac9448000-7ffac9450000 rw-s 00000000 08:03 4722028                    /tmp/hsperfdata_eric/801
7ffac9450000-7ffac9451000 rw-p 00000000 00:00 0 
7ffac9451000-7ffac9452000 ---p 00000000 00:00 0 
7ffac9452000-7ffac9453000 r--p 00024000 08:03 4457095                    /lib/x86_64-linux-gnu/ld-2.27.so
7ffac9453000-7ffac9454000 rw-p 00025000 08:03 4457095                    /lib/x86_64-linux-gnu/ld-2.27.so
7ffac9454000-7ffac9455000 rw-p 00000000 00:00 0 
7ffdace7b000-7ffdacea1000 rw-p 00000000 00:00 0                          [stack]
7ffdacedb000-7ffdacede000 r--p 00000000 00:00 0                          [vvar]
7ffdacede000-7ffdacee0000 r-xp 00000000 00:00 0                          [vdso]
ffffffffff600000-ffffffffff601000 r-xp 00000000 00:00 0                  [vsyscall]

VM Arguments:
jvm_args: -XX:TieredStopAtLevel=1 -Xverify:none -Dspring.output.ansi.enabled=always -Dcom.sun.management.jmxremote -Dspring.liveBeansView.mbeanDomain -Dspring.application.admin.enabled=true -javaagent:/opt/IDEA/idea-IU-191.6183.87/lib/idea_rt.jar=45269:/opt/IDEA/idea-IU-191.6183.87/bin -Dfile.encoding=UTF-8 -Dawt.useSystemAAFontSettings=gasp 
java_command: com.crazychat.user.UserApplication
java_class_path (initial): /opt/jdk1.8/jdk1.8.0_202/jre/lib/charsets.jar:/opt/jdk1.8/jdk1.8.0_202/jre/lib/deploy.jar:/opt/jdk1.8/jdk1.8.0_202/jre/lib/ext/cldrdata.jar:/opt/jdk1.8/jdk1.8.0_202/jre/lib/ext/dnsns.jar:/opt/jdk1.8/jdk1.8.0_202/jre/lib/ext/jaccess.jar:/opt/jdk1.8/jdk1.8.0_202/jre/lib/ext/jfxrt.jar:/opt/jdk1.8/jdk1.8.0_202/jre/lib/ext/localedata.jar:/opt/jdk1.8/jdk1.8.0_202/jre/lib/ext/nashorn.jar:/opt/jdk1.8/jdk1.8.0_202/jre/lib/ext/sunec.jar:/opt/jdk1.8/jdk1.8.0_202/jre/lib/ext/sunjce_provider.jar:/opt/jdk1.8/jdk1.8.0_202/jre/lib/ext/sunpkcs11.jar:/opt/jdk1.8/jdk1.8.0_202/jre/lib/ext/zipfs.jar:/opt/jdk1.8/jdk1.8.0_202/jre/lib/javaws.jar:/opt/jdk1.8/jdk1.8.0_202/jre/lib/jce.jar:/opt/jdk1.8/jdk1.8.0_202/jre/lib/jfr.jar:/opt/jdk1.8/jdk1.8.0_202/jre/lib/jfxswt.jar:/opt/jdk1.8/jdk1.8.0_202/jre/lib/jsse.jar:/opt/jdk1.8/jdk1.8.0_202/jre/lib/management-agent.jar:/opt/jdk1.8/jdk1.8.0_202/jre/lib/plugin.jar:/opt/jdk1.8/jdk1.8.0_202/jre/lib/resources.jar:/opt/jdk1.8/jdk1.8.0_202/jre/lib/rt.jar:/media/eric/Data/Projects/CrazyChat/CrazyChatParent/parent/user/target/classes:/media/eric/Data/mavenRepository/org/springframework/boot/spring-boot-starter-data-jpa/2.1.3.RELEASE/spring-boot-starter-data-jpa-2.1.3.RELEASE.jar:/media/eric/Data/mavenRepository/org/springframework/boot/spring-boot-starter-aop/2.1.3.RELEASE/spring-boot-starter-aop-2.1.3.RELEASE.jar:/media/eric/Data/mavenRepository/org/aspectj/aspectjweaver/1.9.2/aspectjweaver-1.9.2.jar:/media/eric/Data/mavenRepository/org/springframework/boot/spring-boot-starter-jdbc/2.1.3.RELEASE/spring-boot-starter-jdbc-2.1.3.RELEASE.jar:/media/eric/Data/mavenRepository/com/zaxxer/HikariCP/3.2.0/HikariCP-3.2.0.jar:/media/eric/Data/mavenRepository/org/springframework/spring-jdbc/5.1.5.RELEASE/spring-jdbc-5.1.5.RELEASE.jar:/media/eric/Data/mavenRepository/javax/transaction/javax.transaction-api/1.3/javax.transaction-api-1.3.jar:/media/eric/Data/mavenRepository/javax/xml/bind/jaxb-api/2.3.1/jaxb-api-2.3.1.jar:/media/eric/Data/m
Launcher Type: SUN_STANDARD

Environment Variables:
JAVA_HOME=/opt/jdk1.8/jdk1.8.0_202
_JAVA_OPTIONS=  -Dawt.useSystemAAFontSettings=gasp
CLASSPATH=/opt/IDEA/idea-IU-191.6183.87/lib/bootstrap.jar:/opt/IDEA/idea-IU-191.6183.87/lib/extensions.jar:/opt/IDEA/idea-IU-191.6183.87/lib/util.jar:/opt/IDEA/idea-IU-191.6183.87/lib/jdom.jar:/opt/IDEA/idea-IU-191.6183.87/lib/log4j.jar:/opt/IDEA/idea-IU-191.6183.87/lib/trove4j.jar:/opt/IDEA/idea-IU-191.6183.87/lib/jna.jar:/opt/IDEA/idea-IU-191.6183.87/jre64/lib/tools.jar
PATH=/usr/local/apache-maven-3.6.1/bin:/opt/jdk1.8/jdk1.8.0_202/bin:/usr/local/bin:/usr/bin:/bin:/usr/local/games:/usr/games:/sbin:/usr/sbin
SHELL=/bin/bash
DISPLAY=:0

Signal Handlers:
SIGSEGV: [libjvm.so+0xad3ce0], sa_mask[0]=11111111011111111101111111111110, sa_flags=SA_RESTART|SA_SIGINFO
SIGBUS: [libjvm.so+0xad3ce0], sa_mask[0]=11111111011111111101111111111110, sa_flags=SA_RESTART|SA_SIGINFO
SIGFPE: [libjvm.so+0x90b820], sa_mask[0]=11111111011111111101111111111110, sa_flags=SA_RESTART|SA_SIGINFO
SIGPIPE: [libjvm.so+0x90b820], sa_mask[0]=11111111011111111101111111111110, sa_flags=SA_RESTART|SA_SIGINFO
SIGXFSZ: [libjvm.so+0x90b820], sa_mask[0]=11111111011111111101111111111110, sa_flags=SA_RESTART|SA_SIGINFO
SIGILL: [libjvm.so+0x90b820], sa_mask[0]=11111111011111111101111111111110, sa_flags=SA_RESTART|SA_SIGINFO
SIGUSR1: SIG_DFL, sa_mask[0]=00000000000000000000000000000000, sa_flags=none
SIGUSR2: [libjvm.so+0x90b6f0], sa_mask[0]=00100000000000000000000000000000, sa_flags=SA_RESTART|SA_SIGINFO
SIGHUP: SIG_IGN, sa_mask[0]=00000000000000000000000000000000, sa_flags=none
SIGINT: [libjvm.so+0x90bd10], sa_mask[0]=11111111011111111101111111111110, sa_flags=SA_RESTART|SA_SIGINFO
SIGTERM: [libjvm.so+0x90bd10], sa_mask[0]=11111111011111111101111111111110, sa_flags=SA_RESTART|SA_SIGINFO
SIGQUIT: [libjvm.so+0x90bd10], sa_mask[0]=11111111011111111101111111111110, sa_flags=SA_RESTART|SA_SIGINFO


---------------  S Y S T E M  ---------------

OS:DISTRIB_ID=Deepin
DISTRIB_RELEASE="15.9.3"
DISTRIB_DESCRIPTION="Deepin 15.9.3 "
DISTRIB_CODENAME=unstable

uname:Linux 4.15.0-29deepin-generic #31 SMP Fri Jul 27 07:12:08 UTC 2018 x86_64
libc:glibc 2.27 NPTL 2.27 
rlimit: STACK 8192k, CORE 0k, NPROC 22252, NOFILE 1048576, AS infinity
load average:3.43 2.90 3.17

/proc/meminfo:
MemTotal:        5972416 kB
MemFree:         1798472 kB
MemAvailable:    1948208 kB
Buffers:           23716 kB
Cached:           499976 kB
SwapCached:         7784 kB
Active:          2263144 kB
Inactive:         769700 kB
Active(anon):    2099040 kB
Inactive(anon):   600904 kB
Active(file):     164104 kB
Inactive(file):   168796 kB
Unevictable:         368 kB
Mlocked:             368 kB
SwapTotal:       7340028 kB
SwapFree:        6624648 kB
Dirty:              8508 kB
Writeback:             4 kB
AnonPages:       2505840 kB
Mapped:          1178208 kB
Shmem:            190452 kB
Slab:             145844 kB
SReclaimable:      56008 kB
SUnreclaim:        89836 kB
KernelStack:       12632 kB
PageTables:        41724 kB
NFS_Unstable:          0 kB
Bounce:                0 kB
WritebackTmp:          0 kB
CommitLimit:    10326236 kB
Committed_AS:    7970004 kB
VmallocTotal:   34359738367 kB
VmallocUsed:           0 kB
VmallocChunk:          0 kB
HardwareCorrupted:     0 kB
AnonHugePages:         0 kB
ShmemHugePages:        0 kB
ShmemPmdMapped:        0 kB
CmaTotal:              0 kB
CmaFree:               0 kB
HugePages_Total:       0
HugePages_Free:        0
HugePages_Rsvd:        0
HugePages_Surp:        0
Hugepagesize:       2048 kB
DirectMap4k:      596984 kB
DirectMap2M:     5562368 kB
DirectMap1G:     1048576 kB

container (cgroup) information:
container_type: cgroupv1
cpu_cpuset_cpus: 0-1
cpu_memory_nodes: 0
active_processor_count: 2
cpu_quota: -1
cpu_period: 100000
cpu_shares: -1
memory_limit_in_bytes: -1
memory_and_swap_limit_in_bytes: -2
memory_soft_limit_in_bytes: -1
memory_usage_in_bytes: 2133553152
memory_max_usage_in_bytes: 3877883904


CPU:total 2 (initial active 2) (2 cores per cpu, 1 threads per core) family 6 model 60 stepping 3, cmov, cx8, fxsr, mmx, sse, sse2, sse3, ssse3, sse4.1, sse4.2, popcnt, clmul, erms, lzcnt, tsc, tscinvbit

/proc/cpuinfo:
processor	: 0
vendor_id	: GenuineIntel
cpu family	: 6
model		: 60
model name	: Intel(R) Celeron(R) CPU G1840 @ 2.80GHz
stepping	: 3
microcode	: 0x24
cpu MHz		: 2793.567
cache size	: 2048 KB
physical id	: 0
siblings	: 2
core id		: 0
cpu cores	: 2
apicid		: 0
initial apicid	: 0
fpu		: yes
fpu_exception	: yes
cpuid level	: 13
wp		: yes
flags		: fpu vme de pse tsc msr pae mce cx8 apic sep mtrr pge mca cmov pat pse36 clflush dts acpi mmx fxsr sse sse2 ss ht tm pbe syscall nx pdpe1gb rdtscp lm constant_tsc arch_perfmon pebs bts rep_good nopl xtopology nonstop_tsc cpuid aperfmperf pni pclmulqdq dtes64 monitor ds_cpl vmx est tm2 ssse3 sdbg cx16 xtpr pdcm pcid sse4_1 sse4_2 movbe popcnt tsc_deadline_timer xsave rdrand lahf_lm abm cpuid_fault epb invpcid_single pti ibrs ibpb stibp tpr_shadow vnmi flexpriority ept vpid fsgsbase tsc_adjust erms invpcid xsaveopt dtherm arat pln pts
bugs		: cpu_meltdown spectre_v1 spectre_v2 spec_store_bypass
bogomips	: 5587.13
clflush size	: 64
cache_alignment	: 64
address sizes	: 39 bits physical, 48 bits virtual
power management:

processor	: 1
vendor_id	: GenuineIntel
cpu family	: 6
model		: 60
model name	: Intel(R) Celeron(R) CPU G1840 @ 2.80GHz
stepping	: 3
microcode	: 0x24
cpu MHz		: 2793.566
cache size	: 2048 KB
physical id	: 0
siblings	: 2
core id		: 1
cpu cores	: 3
apicid		: 2
initial apicid	: 2
fpu		: yes
fpu_exception	: yes
cpuid level	: 13
wp		: yes
flags		: fpu vme de pse tsc msr pae mce cx8 apic sep mtrr pge mca cmov pat pse36 clflush dts acpi mmx fxsr sse sse2 ss ht tm pbe syscall nx pdpe1gb rdtscp lm constant_tsc arch_perfmon pebs bts rep_good nopl xtopology nonstop_tsc cpuid aperfmperf pni pclmulqdq dtes64 monitor ds_cpl vmx est tm2 ssse3 sdbg cx16 xtpr pdcm pcid sse4_1 sse4_2 movbe popcnt tsc_deadline_timer xsave rdrand lahf_lm abm cpuid_fault epb invpcid_single pti ibrs ibpb stibp tpr_shadow vnmi flexpriority ept vpid fsgsbase tsc_adjust erms invpcid xsaveopt dtherm arat pln pts
bugs		: cpu_meltdown spectre_v1 spectre_v2 spec_store_bypass
bogomips	: 5587.13
clflush size	: 64
cache_alignment	: 64
address sizes	: 39 bits physical, 48 bits virtual
power management:



Memory: 4k page, physical 5972416k(1798184k free), swap 7340028k(6624648k free)

vm_info: Java HotSpot(TM) 64-Bit Server VM (25.202-b08) for linux-amd64 JRE (1.8.0_202-b08), built on Dec 15 2018 12:40:22 by "java_re" with gcc 7.3.0

time: Thu Apr 18 17:57:42 2019
timezone: CST
elapsed time: 717 seconds (0d 0h 11m 57s)

